TN:
SF:src\App.jsx
FN:43,ConditionalChatbot
FN:67,ProtectedRoute
FN:100,DashboardRoute
FN:129,LandingPageWrapper
FN:156,App
FNF:5
FNH:5
FNDA:11,ConditionalChatbot
FNDA:7,ProtectedRoute
FNDA:3,DashboardRoute
FNDA:3,LandingPageWrapper
FNDA:7,App
DA:8,1
DA:9,1
DA:10,1
DA:11,1
DA:12,1
DA:13,1
DA:14,1
DA:15,1
DA:16,1
DA:17,1
DA:18,1
DA:19,1
DA:20,1
DA:21,1
DA:22,1
DA:23,1
DA:24,1
DA:25,1
DA:26,1
DA:27,1
DA:28,1
DA:29,1
DA:30,1
DA:31,1
DA:32,1
DA:33,1
DA:34,1
DA:43,1
DA:44,11
DA:45,11
DA:48,11
DA:50,11
DA:51,2
DA:52,2
DA:54,9
DA:55,9
DA:67,1
DA:68,7
DA:71,7
DA:72,1
DA:73,1
DA:74,1
DA:75,1
DA:76,1
DA:77,1
DA:78,1
DA:80,1
DA:82,7
DA:83,1
DA:84,1
DA:86,7
DA:87,1
DA:88,1
DA:90,4
DA:91,4
DA:100,1
DA:101,3
DA:103,3
DA:104,1
DA:105,1
DA:108,3
DA:109,1
DA:110,1
DA:111,1
DA:112,1
DA:114,1
DA:116,1
DA:117,1
DA:118,1
DA:119,1
DA:121,1
DA:129,1
DA:130,3
DA:132,3
DA:133,2
DA:134,2
DA:137,2
DA:138,2
DA:139,2
DA:140,3
DA:143,3
DA:144,0
DA:145,0
DA:147,3
DA:148,3
DA:156,7
DA:157,7
DA:158,7
DA:159,7
DA:160,7
DA:161,7
DA:162,7
DA:164,7
DA:165,7
DA:166,7
DA:167,7
DA:170,7
DA:171,7
DA:172,7
DA:173,7
DA:174,7
DA:175,7
DA:176,7
DA:177,7
DA:178,7
DA:179,7
DA:180,7
DA:181,7
DA:182,7
DA:183,7
DA:186,7
DA:187,7
DA:188,7
DA:189,7
DA:190,7
DA:191,7
DA:192,7
DA:194,7
DA:196,1
LF:119
LH:117
BRDA:43,0,0,11
BRDA:48,1,0,10
BRDA:48,2,0,4
BRDA:50,3,0,2
BRDA:52,4,0,9
BRDA:67,5,0,7
BRDA:71,6,0,6
BRDA:71,7,0,1
BRDA:80,8,0,6
BRDA:82,9,0,1
BRDA:84,10,0,5
BRDA:86,11,0,2
BRDA:86,12,0,1
BRDA:88,13,0,4
BRDA:100,14,0,3
BRDA:103,15,0,1
BRDA:105,16,0,2
BRDA:108,17,0,1
BRDA:129,18,0,3
BRDA:143,19,0,0
BRDA:132,20,0,2
BRDA:156,21,0,7
BRF:22
BRH:21
end_of_record
TN:
SF:src\__tests__\targeted\TasksPage.coverage.tests.jsx
FN:1,(empty-report)
FNF:1
FNH:1
FNDA:1,(empty-report)
DA:2,0
DA:3,0
DA:4,0
DA:5,0
DA:7,0
DA:8,0
DA:9,0
DA:10,0
DA:11,0
DA:12,0
DA:13,0
DA:14,0
DA:15,0
DA:16,0
DA:17,0
DA:18,0
DA:19,0
DA:20,0
DA:22,0
DA:23,0
DA:24,0
DA:25,0
DA:26,0
DA:27,0
DA:28,0
DA:29,0
DA:30,0
DA:31,0
DA:32,0
DA:33,0
DA:34,0
DA:35,0
DA:36,0
DA:37,0
DA:38,0
DA:39,0
DA:40,0
DA:41,0
DA:42,0
DA:43,0
DA:45,0
DA:46,0
DA:47,0
DA:48,0
DA:49,0
DA:50,0
DA:51,0
DA:52,0
DA:54,0
DA:56,0
DA:57,0
DA:59,0
DA:60,0
DA:61,0
DA:62,0
DA:63,0
DA:64,0
DA:66,0
DA:67,0
DA:68,0
DA:69,0
DA:70,0
DA:71,0
DA:72,0
DA:73,0
DA:74,0
DA:75,0
DA:76,0
DA:77,0
DA:78,0
DA:79,0
DA:80,0
DA:81,0
DA:83,0
DA:84,0
DA:85,0
DA:87,0
DA:88,0
DA:90,0
DA:91,0
DA:92,0
DA:93,0
DA:94,0
DA:96,0
DA:97,0
DA:98,0
DA:99,0
DA:101,0
DA:102,0
DA:103,0
DA:105,0
DA:106,0
DA:107,0
DA:109,0
DA:110,0
DA:111,0
DA:112,0
DA:113,0
DA:114,0
DA:116,0
DA:117,0
DA:118,0
DA:120,0
DA:121,0
DA:122,0
DA:123,0
DA:125,0
DA:126,0
DA:127,0
DA:129,0
DA:130,0
DA:131,0
DA:132,0
DA:133,0
DA:134,0
DA:135,0
DA:137,0
DA:138,0
DA:139,0
DA:140,0
DA:142,0
DA:143,0
DA:144,0
DA:145,0
DA:147,0
DA:148,0
DA:149,0
DA:150,0
DA:151,0
DA:152,0
DA:154,0
DA:155,0
DA:156,0
DA:158,0
DA:159,0
DA:160,0
DA:161,0
DA:163,0
DA:164,0
DA:165,0
DA:167,0
DA:168,0
DA:169,0
DA:170,0
DA:171,0
DA:173,0
DA:174,0
DA:175,0
DA:176,0
DA:177,0
DA:178,0
DA:179,0
DA:181,0
DA:182,0
DA:183,0
DA:184,0
DA:186,0
DA:187,0
DA:188,0
DA:189,0
DA:190,0
DA:191,0
DA:192,0
DA:194,0
DA:195,0
DA:196,0
DA:198,0
DA:199,0
DA:200,0
DA:201,0
DA:202,0
DA:204,0
DA:205,0
DA:207,0
DA:208,0
DA:210,0
DA:211,0
DA:212,0
DA:214,0
DA:215,0
DA:217,0
DA:218,0
DA:219,0
DA:220,0
DA:221,0
DA:222,0
DA:223,0
DA:224,0
DA:225,0
DA:227,0
DA:228,0
DA:229,0
DA:231,0
DA:232,0
DA:235,0
DA:236,0
DA:237,0
DA:238,0
DA:239,0
DA:242,0
DA:243,0
DA:244,0
DA:245,0
DA:246,0
DA:247,0
DA:248,0
DA:250,0
DA:251,0
DA:252,0
DA:254,0
DA:255,0
DA:257,0
DA:258,0
DA:259,0
DA:261,0
DA:262,0
DA:264,0
DA:265,0
DA:266,0
DA:267,0
DA:269,0
DA:270,0
DA:272,0
DA:273,0
DA:274,0
DA:276,0
DA:277,0
DA:279,0
DA:280,0
DA:281,0
DA:282,0
DA:284,0
DA:285,0
DA:287,0
DA:288,0
DA:289,0
DA:290,0
DA:292,0
DA:293,0
DA:294,0
DA:296,0
DA:297,0
DA:298,0
DA:299,0
DA:300,0
DA:301,0
DA:302,0
DA:304,0
DA:305,0
DA:306,0
DA:308,0
DA:309,0
DA:310,0
DA:311,0
LF:254
LH:0
BRDA:1,0,0,1
BRF:1
BRH:1
end_of_record
TN:
SF:src\components\AIAssignmentModal.jsx
FN:26,AIAssignmentModal
FN:36,fetchAISuggestions
FN:79,handleAssign
FN:213,onClick
FNF:4
FNH:4
FNDA:11,AIAssignmentModal
FNDA:4,fetchAISuggestions
FNDA:1,handleAssign
FNDA:1,onClick
DA:10,1
DA:11,1
DA:12,1
DA:13,1
DA:26,1
DA:27,11
DA:28,11
DA:29,11
DA:30,11
DA:36,11
DA:37,4
DA:38,4
DA:40,4
DA:41,4
DA:42,4
DA:43,4
DA:44,4
DA:45,4
DA:46,4
DA:47,4
DA:48,4
DA:49,4
DA:50,4
DA:52,4
DA:54,4
DA:55,1
DA:56,1
DA:57,4
DA:58,1
DA:59,4
DA:60,4
DA:61,4
DA:62,4
DA:65,11
DA:66,4
DA:67,4
DA:68,4
DA:69,11
DA:79,11
DA:80,1
DA:81,1
DA:82,1
DA:83,1
DA:84,1
DA:85,1
DA:86,1
DA:87,1
DA:89,1
DA:90,1
DA:91,1
DA:92,0
DA:93,0
DA:94,1
DA:96,11
DA:98,11
DA:99,11
DA:100,11
DA:101,11
DA:102,11
DA:104,11
DA:105,11
DA:106,11
DA:107,11
DA:108,11
DA:109,11
DA:110,11
DA:111,11
DA:112,11
DA:113,11
DA:115,11
DA:116,11
DA:117,11
DA:118,11
DA:119,11
DA:120,11
DA:121,11
DA:124,11
DA:125,11
DA:126,11
DA:127,11
DA:128,11
DA:129,11
DA:130,11
DA:131,9
DA:133,11
DA:134,9
DA:136,11
DA:137,11
DA:140,11
DA:141,11
DA:142,3
DA:143,3
DA:144,3
DA:145,3
DA:148,11
DA:149,2
DA:150,2
DA:151,2
DA:152,2
DA:153,2
DA:154,2
DA:155,2
DA:156,2
DA:157,2
DA:160,11
DA:161,2
DA:162,2
DA:163,2
DA:164,2
DA:165,2
DA:166,2
DA:167,2
DA:168,2
DA:169,2
DA:171,2
DA:172,2
DA:173,2
DA:174,2
DA:175,2
DA:176,2
DA:177,0
DA:178,2
DA:180,2
DA:181,2
DA:182,2
DA:183,2
DA:184,2
DA:185,2
DA:186,2
DA:187,2
DA:188,2
DA:189,2
DA:190,0
DA:193,2
DA:194,2
DA:195,2
DA:196,2
DA:197,2
DA:198,0
DA:199,0
DA:200,0
DA:201,2
DA:202,2
DA:203,2
DA:204,2
DA:205,2
DA:206,2
DA:207,2
DA:209,2
DA:210,2
DA:212,2
DA:213,2
DA:214,1
DA:215,1
DA:216,1
DA:217,1
DA:218,2
DA:219,2
DA:220,2
DA:221,0
DA:222,2
DA:223,2
DA:225,2
DA:226,2
DA:229,2
DA:230,2
DA:231,2
DA:232,2
DA:233,2
DA:234,2
DA:235,2
DA:236,2
DA:237,2
DA:238,2
DA:239,2
DA:240,2
DA:241,2
DA:242,2
DA:243,2
DA:244,2
DA:245,2
DA:246,2
DA:247,2
DA:248,2
DA:250,2
DA:251,2
DA:252,2
DA:253,2
DA:254,2
DA:255,2
DA:256,2
DA:257,2
DA:258,2
DA:259,2
DA:260,2
DA:261,2
DA:262,2
DA:263,2
DA:264,2
DA:265,2
DA:266,2
DA:267,2
DA:268,2
DA:269,2
DA:272,2
DA:273,2
DA:274,2
DA:275,2
DA:276,2
DA:277,2
DA:278,2
DA:281,2
DA:282,2
DA:283,2
DA:284,2
DA:285,2
DA:286,2
DA:287,0
DA:288,2
DA:289,2
DA:290,2
DA:291,2
DA:293,2
DA:294,2
DA:295,2
DA:297,11
DA:300,11
DA:301,11
DA:302,11
DA:303,11
DA:304,11
DA:305,11
DA:306,11
DA:307,11
DA:308,11
DA:310,11
DA:311,11
DA:312,11
DA:313,11
DA:315,11
DA:317,1
LF:241
LH:232
BRDA:26,0,0,11
BRDA:96,1,0,0
BRDA:101,2,0,0
BRDA:105,3,0,0
BRDA:112,4,0,0
BRDA:113,5,0,0
BRDA:125,6,0,0
BRDA:127,7,0,0
BRDA:128,8,0,0
BRDA:129,9,0,0
BRDA:130,10,0,9
BRDA:131,11,0,0
BRDA:133,12,0,9
BRDA:134,13,0,0
BRDA:141,14,0,3
BRDA:144,15,0,0
BRDA:148,16,0,2
BRDA:150,17,0,0
BRDA:154,18,0,0
BRDA:155,19,0,0
BRDA:160,20,0,8
BRDA:160,21,0,6
BRDA:160,22,0,2
BRDA:163,23,0,0
BRDA:165,24,0,0
BRDA:301,25,0,0
BRDA:306,26,0,0
BRDA:36,27,0,4
BRDA:47,28,0,1
BRDA:48,29,0,1
BRDA:50,30,0,3
BRDA:52,31,0,0
BRDA:54,32,0,1
BRDA:57,33,0,1
BRDA:65,34,0,4
BRDA:79,35,0,1
BRDA:91,36,0,0
BRDA:171,37,0,2
BRDA:176,38,0,0
BRDA:176,39,0,0
BRDA:183,40,0,0
BRDA:184,41,0,0
BRDA:186,42,0,0
BRDA:189,43,0,0
BRDA:194,44,0,0
BRDA:197,45,0,0
BRDA:220,46,0,0
BRDA:231,47,0,0
BRDA:234,48,0,0
BRDA:235,49,0,0
BRDA:238,50,0,0
BRDA:244,51,0,0
BRDA:251,52,0,0
BRDA:254,53,0,0
BRDA:255,54,0,0
BRDA:258,55,0,0
BRDA:264,56,0,0
BRDA:273,57,0,0
BRDA:275,58,0,0
BRDA:282,59,0,0
BRDA:285,60,0,0
BRDA:286,61,0,0
BRDA:213,62,0,1
BRF:63
BRH:18
end_of_record
TN:
SF:src\components\ChatbotWidget.jsx
FN:22,ChatbotWidget
FN:40,scrollToBottom
FN:53,checkHealth
FN:93,checkOllamaHealth
FN:115,getCurrentPageContext
FN:142,addBotMessage
FN:177,speakText
FN:190,utterance.onstart
FN:191,utterance.onend
FN:201,handleVoiceInput
FN:221,mediaRecorder.ondataavailable
FN:227,mediaRecorder.onstop
FN:296,handleSend
FN:345,handleKeyPress
FN:352,stopSpeaking
FN:359,handleSoundToggle
FN:375,onClick
FN:434,onClick
FN:441,onClick
FN:498,onChange
FNF:20
FNH:19
FNDA:62,ChatbotWidget
FNDA:30,scrollToBottom
FNDA:12,checkHealth
FNDA:1,checkOllamaHealth
FNDA:4,getCurrentPageContext
FNDA:12,addBotMessage
FNDA:1,speakText
FNDA:1,utterance.onstart
FNDA:1,utterance.onend
FNDA:2,handleVoiceInput
FNDA:0,mediaRecorder.ondataavailable
FNDA:1,mediaRecorder.onstop
FNDA:4,handleSend
FNDA:1,handleKeyPress
FNDA:2,stopSpeaking
FNDA:2,handleSoundToggle
FNDA:8,onClick
FNDA:2,onClick
FNDA:1,onClick
FNDA:4,onChange
DA:10,1
DA:11,1
DA:12,1
DA:13,1
DA:14,1
DA:22,1
DA:23,62
DA:24,62
DA:25,62
DA:26,62
DA:27,62
DA:28,62
DA:29,62
DA:30,62
DA:31,62
DA:32,62
DA:34,62
DA:35,62
DA:36,62
DA:37,62
DA:40,62
DA:41,30
DA:42,30
DA:44,62
DA:45,30
DA:46,62
DA:49,62
DA:50,12
DA:51,12
DA:53,12
DA:54,12
DA:56,12
DA:57,12
DA:59,12
DA:60,9
DA:61,9
DA:64,9
DA:65,9
DA:66,10
DA:67,0
DA:68,0
DA:69,12
DA:70,3
DA:72,3
DA:73,3
DA:76,3
DA:77,3
DA:78,3
DA:79,12
DA:81,12
DA:83,12
DA:84,12
DA:85,12
DA:86,12
DA:87,62
DA:93,62
DA:94,1
DA:95,1
DA:97,1
DA:98,1
DA:100,1
DA:101,1
DA:102,1
DA:103,0
DA:104,0
DA:105,1
DA:106,0
DA:107,0
DA:108,1
DA:115,62
DA:116,4
DA:117,4
DA:118,4
DA:119,4
DA:120,4
DA:121,4
DA:122,4
DA:123,4
DA:124,4
DA:125,4
DA:126,4
DA:127,4
DA:128,4
DA:129,4
DA:131,4
DA:132,34
DA:133,34
DA:134,3
DA:135,4
DA:142,62
DA:143,12
DA:144,12
DA:145,12
DA:146,12
DA:147,12
DA:148,12
DA:150,12
DA:151,1
DA:152,1
DA:153,12
DA:155,62
DA:156,31
DA:157,8
DA:158,8
DA:160,8
DA:162,8
DA:164,8
DA:165,8
DA:167,8
DA:168,8
DA:169,8
DA:170,62
DA:177,62
DA:178,1
DA:180,1
DA:182,1
DA:184,1
DA:185,1
DA:186,1
DA:187,1
DA:188,1
DA:190,1
DA:191,1
DA:193,1
DA:194,1
DA:201,62
DA:202,2
DA:203,0
DA:204,0
DA:205,0
DA:208,2
DA:209,1
DA:210,1
DA:211,1
DA:213,1
DA:215,1
DA:217,1
DA:218,1
DA:219,1
DA:221,1
DA:222,0
DA:223,0
DA:224,0
DA:225,0
DA:227,1
DA:230,1
DA:233,1
DA:234,1
DA:236,1
DA:237,1
DA:239,1
DA:240,1
DA:241,1
DA:242,1
DA:244,1
DA:245,0
DA:246,0
DA:248,1
DA:250,1
DA:251,1
DA:252,1
DA:253,0
DA:254,0
DA:256,1
DA:257,0
DA:258,1
DA:259,1
DA:260,1
DA:263,1
DA:264,1
DA:265,1
DA:266,1
DA:269,1
DA:270,1
DA:273,1
DA:274,0
DA:275,0
DA:276,0
DA:277,1
DA:279,2
DA:280,0
DA:281,0
DA:282,0
DA:283,0
DA:284,0
DA:285,0
DA:286,0
DA:288,0
DA:289,0
DA:290,2
DA:296,62
DA:297,4
DA:299,4
DA:300,4
DA:301,4
DA:302,4
DA:303,4
DA:304,4
DA:305,4
DA:306,4
DA:308,4
DA:309,4
DA:310,4
DA:311,4
DA:312,4
DA:313,4
DA:314,4
DA:315,4
DA:316,4
DA:318,3
DA:320,3
DA:321,3
DA:322,4
DA:323,0
DA:324,0
DA:326,4
DA:327,1
DA:329,1
DA:331,1
DA:332,1
DA:333,1
DA:334,0
DA:335,0
DA:337,1
DA:338,1
DA:339,4
DA:345,62
DA:346,1
DA:347,1
DA:348,1
DA:349,1
DA:350,1
DA:352,62
DA:353,2
DA:354,2
DA:355,2
DA:356,2
DA:357,2
DA:359,62
DA:360,2
DA:361,2
DA:363,2
DA:364,1
DA:365,1
DA:366,2
DA:368,62
DA:369,6
DA:370,6
DA:372,59
DA:373,11
DA:374,11
DA:375,11
DA:376,11
DA:377,11
DA:378,11
DA:379,9
DA:382,11
DA:383,11
DA:384,2
DA:386,11
DA:387,9
DA:389,11
DA:391,11
DA:393,45
DA:394,62
DA:395,62
DA:397,62
DA:398,62
DA:399,62
DA:400,62
DA:401,62
DA:402,36
DA:404,62
DA:405,9
DA:407,62
DA:408,62
DA:409,62
DA:410,62
DA:411,62
DA:412,9
DA:413,62
DA:414,62
DA:415,62
DA:416,62
DA:417,62
DA:418,9
DA:419,9
DA:420,9
DA:421,9
DA:423,9
DA:424,9
DA:426,62
DA:427,62
DA:428,62
DA:429,62
DA:431,62
DA:432,62
DA:433,62
DA:434,62
DA:435,62
DA:436,62
DA:438,62
DA:439,62
DA:440,62
DA:441,62
DA:442,1
DA:443,1
DA:444,1
DA:445,62
DA:446,62
DA:448,62
DA:449,62
DA:450,62
DA:451,62
DA:453,62
DA:454,44
DA:456,44
DA:457,44
DA:458,43
DA:459,43
DA:460,43
DA:461,10
DA:462,33
DA:463,43
DA:464,43
DA:465,43
DA:466,43
DA:467,43
DA:468,43
DA:469,43
DA:470,44
DA:471,44
DA:472,5
DA:473,5
DA:474,5
DA:475,5
DA:476,5
DA:477,5
DA:478,5
DA:479,5
DA:480,5
DA:482,44
DA:483,44
DA:486,44
DA:487,44
DA:488,9
DA:489,9
DA:490,9
DA:491,9
DA:493,44
DA:494,44
DA:495,44
DA:496,44
DA:497,44
DA:498,44
DA:499,44
DA:500,44
DA:501,44
DA:502,44
DA:503,44
DA:504,44
DA:505,44
DA:506,44
DA:507,44
DA:508,44
DA:509,44
DA:510,44
DA:511,2
DA:512,42
DA:513,44
DA:514,44
DA:516,44
DA:517,44
DA:518,44
DA:520,44
DA:521,44
DA:522,44
DA:523,44
DA:524,44
DA:526,44
DA:527,44
DA:528,44
DA:529,44
DA:530,44
DA:532,62
DA:533,62
DA:535,62
DA:537,1
LF:388
LH:354
BRDA:22,0,0,62
BRDA:170,1,0,56
BRDA:170,2,0,56
BRDA:368,3,0,61
BRDA:368,4,0,6
BRDA:370,5,0,59
BRDA:370,6,0,56
BRDA:372,7,0,11
BRDA:378,8,0,2
BRDA:378,9,0,9
BRDA:383,10,0,2
BRDA:386,11,0,9
BRDA:391,12,0,58
BRDA:391,13,0,45
BRDA:394,14,0,1
BRDA:394,15,0,44
BRDA:395,16,0,1
BRDA:395,17,0,44
BRDA:401,18,0,36
BRDA:404,19,0,9
BRDA:411,20,0,36
BRDA:411,21,0,9
BRDA:417,22,0,9
BRDA:429,23,0,4
BRDA:429,24,0,41
BRDA:431,25,0,4
BRDA:431,26,0,41
BRDA:453,27,0,44
BRDA:471,28,0,5
BRDA:487,29,0,9
BRDA:500,30,0,2
BRDA:500,31,0,42
BRDA:501,32,0,39
BRDA:503,33,0,2
BRDA:503,34,0,42
BRDA:508,35,0,39
BRDA:510,36,0,2
BRDA:511,37,0,42
BRDA:514,38,0,2
BRDA:514,39,0,42
BRDA:516,40,0,2
BRDA:516,41,0,42
BRDA:522,42,0,5
BRDA:522,43,0,5
BRDA:40,44,0,30
BRDA:41,45,0,18
BRDA:44,46,0,30
BRDA:49,47,0,12
BRDA:53,48,0,12
BRDA:54,49,0,0
BRDA:57,50,0,9
BRDA:59,51,0,10
BRDA:59,52,0,9
BRDA:64,53,0,0
BRDA:66,54,0,0
BRDA:69,55,0,3
BRDA:70,56,0,0
BRDA:76,57,0,0
BRDA:73,58,0,3
BRDA:83,59,0,12
BRDA:93,60,0,1
BRDA:102,61,0,0
BRDA:105,62,0,0
BRDA:115,63,0,4
BRDA:131,64,0,34
BRDA:132,65,0,1
BRDA:133,66,0,3
BRDA:142,67,0,12
BRDA:150,68,0,1
BRDA:143,69,0,12
BRDA:155,70,0,31
BRDA:156,71,0,15
BRDA:156,72,0,15
BRDA:156,73,0,8
BRDA:167,74,0,0
BRDA:177,75,0,1
BRDA:178,76,0,0
BRDA:190,77,0,1
BRDA:191,78,0,1
BRDA:201,79,0,2
BRDA:202,80,0,0
BRDA:208,81,0,1
BRDA:208,82,0,1
BRDA:279,83,0,0
BRDA:227,84,0,1
BRDA:244,85,0,0
BRDA:252,86,0,0
BRDA:256,87,0,0
BRDA:251,88,0,1
BRDA:251,89,0,0
BRDA:263,90,0,1
BRDA:296,91,0,4
BRDA:297,92,0,0
BRDA:312,93,0,0
BRDA:314,94,0,0
BRDA:316,95,0,3
BRDA:322,96,0,0
BRDA:326,97,0,1
BRDA:333,98,0,0
BRDA:300,99,0,4
BRDA:345,100,0,1
BRDA:352,101,0,2
BRDA:359,102,0,2
BRDA:363,103,0,1
BRDA:375,104,0,8
BRDA:434,105,0,2
BRDA:441,106,0,1
BRDA:457,107,0,43
BRDA:458,108,0,10
BRDA:458,109,0,33
BRDA:460,110,0,10
BRDA:461,111,0,33
BRDA:498,112,0,4
BRF:113
BRH:93
end_of_record
TN:
SF:src\components\EmployeeProductivityChart.jsx
FN:21,EmployeeProductivityChart
FN:58,fetchProductivityData
FN:111,processTaskData
FN:233,onClick
FNF:4
FNH:4
FNDA:10,EmployeeProductivityChart
FNDA:4,fetchProductivityData
FNDA:3,processTaskData
FNDA:1,onClick
DA:8,1
DA:9,1
DA:10,1
DA:21,1
DA:23,10
DA:25,10
DA:27,10
DA:29,10
DA:30,10
DA:31,10
DA:32,10
DA:33,10
DA:48,10
DA:49,5
DA:50,4
DA:51,4
DA:52,10
DA:58,10
DA:59,4
DA:60,4
DA:63,4
DA:64,4
DA:65,4
DA:66,4
DA:67,4
DA:68,4
DA:69,4
DA:70,4
DA:72,4
DA:74,3
DA:77,3
DA:79,6
DA:82,6
DA:83,3
DA:84,3
DA:85,3
DA:86,3
DA:87,3
DA:89,0
DA:90,3
DA:93,3
DA:94,3
DA:95,3
DA:97,4
DA:98,1
DA:99,4
DA:100,4
DA:101,4
DA:102,4
DA:111,10
DA:112,3
DA:113,3
DA:116,3
DA:117,3
DA:119,3
DA:120,19
DA:121,19
DA:122,19
DA:123,19
DA:124,19
DA:125,19
DA:126,19
DA:127,19
DA:129,3
DA:132,3
DA:133,6
DA:134,6
DA:137,6
DA:139,6
DA:141,6
DA:142,6
DA:144,6
DA:145,6
DA:146,3
DA:147,3
DA:148,3
DA:149,3
DA:150,3
DA:151,0
DA:152,0
DA:153,6
DA:154,3
DA:157,3
DA:158,19
DA:159,19
DA:160,19
DA:161,19
DA:162,3
DA:165,3
DA:168,3
DA:169,3
DA:170,3
DA:171,3
DA:173,3
DA:174,3
DA:175,3
DA:176,3
DA:177,3
DA:178,3
DA:179,3
DA:180,3
DA:181,3
DA:183,10
DA:184,5
DA:185,5
DA:186,5
DA:187,5
DA:188,5
DA:189,5
DA:190,5
DA:191,5
DA:192,5
DA:193,5
DA:194,5
DA:195,5
DA:196,5
DA:198,5
DA:200,5
DA:201,5
DA:202,10
DA:203,10
DA:205,10
DA:206,10
DA:207,10
DA:208,10
DA:209,10
DA:210,10
DA:211,10
DA:212,10
DA:213,10
DA:214,10
DA:215,10
DA:216,10
DA:217,10
DA:219,10
DA:220,10
DA:221,10
DA:222,10
DA:224,10
DA:225,10
DA:226,10
DA:229,10
DA:230,10
DA:231,15
DA:232,15
DA:233,15
DA:234,15
DA:235,15
DA:236,5
DA:237,2
DA:238,3
DA:239,10
DA:240,4
DA:241,6
DA:242,15
DA:244,15
DA:245,15
DA:246,10
DA:247,10
DA:248,10
DA:251,10
DA:252,10
DA:253,10
DA:254,10
DA:255,10
DA:256,10
DA:257,10
DA:259,10
DA:260,10
DA:261,10
DA:262,10
DA:263,10
DA:264,10
DA:265,10
DA:267,10
DA:268,10
DA:269,10
DA:270,10
DA:271,10
DA:272,10
DA:274,10
DA:275,10
DA:276,10
DA:277,10
DA:278,10
DA:279,10
DA:280,10
DA:282,10
DA:283,10
DA:284,10
DA:285,10
DA:286,10
DA:287,10
DA:289,10
DA:290,10
DA:291,10
DA:292,0
DA:293,5
DA:294,10
DA:295,10
DA:296,10
DA:297,10
DA:298,10
DA:299,10
DA:302,10
DA:303,4
DA:304,4
DA:305,4
DA:306,4
DA:307,4
DA:308,4
DA:309,4
DA:310,4
DA:311,4
DA:312,4
DA:313,4
DA:314,4
DA:315,4
DA:316,4
DA:317,4
DA:318,4
DA:319,4
DA:320,4
DA:321,4
DA:322,4
DA:323,4
DA:324,4
DA:325,4
DA:326,4
DA:327,4
DA:328,4
DA:329,4
DA:330,4
DA:331,4
DA:332,4
DA:333,4
DA:334,4
DA:335,4
DA:336,4
DA:337,4
DA:338,4
DA:339,4
DA:340,4
DA:341,4
DA:342,4
DA:343,4
DA:344,4
DA:345,4
DA:346,4
DA:347,4
DA:348,4
DA:349,4
DA:350,4
DA:351,4
DA:352,4
DA:353,4
DA:354,4
DA:355,4
DA:357,1
DA:358,1
DA:359,1
DA:360,1
DA:361,1
DA:362,1
DA:363,1
DA:365,1
DA:366,1
DA:370,10
DA:371,10
DA:372,10
DA:373,10
DA:374,10
DA:375,10
DA:376,10
DA:377,10
DA:378,10
DA:380,10
DA:382,1
LF:278
LH:274
BRDA:21,0,0,10
BRDA:183,1,0,5
BRDA:186,2,0,2
BRDA:186,3,0,3
BRDA:190,4,0,2
BRDA:190,5,0,3
BRDA:193,6,0,2
BRDA:193,7,0,3
BRDA:198,8,0,9
BRDA:198,9,0,5
BRDA:202,10,0,2
BRDA:202,11,0,3
BRDA:208,12,0,2
BRDA:208,13,0,3
BRDA:211,14,0,2
BRDA:211,15,0,3
BRDA:216,16,0,2
BRDA:216,17,0,3
BRDA:221,18,0,2
BRDA:221,19,0,3
BRDA:253,20,0,2
BRDA:253,21,0,3
BRDA:256,22,0,2
BRDA:256,23,0,3
BRDA:261,24,0,2
BRDA:261,25,0,3
BRDA:268,26,0,2
BRDA:268,27,0,3
BRDA:271,28,0,2
BRDA:271,29,0,3
BRDA:276,30,0,2
BRDA:276,31,0,3
BRDA:283,32,0,2
BRDA:283,33,0,3
BRDA:286,34,0,2
BRDA:286,35,0,3
BRDA:291,36,0,0
BRDA:292,37,0,5
BRDA:293,38,0,2
BRDA:293,39,0,3
BRDA:295,40,0,0
BRDA:295,41,0,5
BRDA:296,42,0,0
BRDA:302,43,0,4
BRDA:307,44,0,1
BRDA:307,45,0,3
BRDA:311,46,0,1
BRDA:311,47,0,3
BRDA:315,48,0,1
BRDA:315,49,0,3
BRDA:320,50,0,1
BRDA:320,51,0,3
BRDA:321,52,0,1
BRDA:321,53,0,3
BRDA:323,54,0,1
BRDA:323,55,0,3
BRDA:355,56,0,1
BRDA:359,57,0,0
BRDA:362,58,0,0
BRDA:371,59,0,2
BRDA:371,60,0,3
BRDA:48,61,0,5
BRDA:49,62,0,4
BRDA:58,63,0,4
BRDA:72,64,0,1
BRDA:72,65,0,3
BRDA:97,66,0,1
BRDA:77,67,0,6
BRDA:79,68,0,3
BRDA:82,69,0,3
BRDA:87,70,0,0
BRDA:83,71,0,3
BRDA:85,72,0,0
BRDA:111,73,0,3
BRDA:119,74,0,19
BRDA:171,75,0,0
BRDA:132,76,0,6
BRDA:133,77,0,3
BRDA:133,78,0,3
BRDA:134,79,0,0
BRDA:137,80,0,3
BRDA:139,81,0,0
BRDA:145,82,0,3
BRDA:150,83,0,0
BRDA:157,84,0,19
BRDA:169,85,0,8
BRDA:170,86,0,11
BRDA:230,87,0,15
BRDA:235,88,0,5
BRDA:236,89,0,2
BRDA:237,90,0,3
BRDA:238,91,0,10
BRDA:239,92,0,4
BRDA:240,93,0,6
BRDA:233,94,0,1
BRF:95
BRH:84
end_of_record
TN:
SF:src\components\MainLayout.jsx
FN:27,MainLayout
FN:145,fetchUserProfile
FN:157,handleProfileUpdate
FN:278,handleFocus
FN:296,checkProfile
FN:336,handleRolePromotion
FN:345,handleLogout
FN:350,handleMarkNotificationAsRead
FN:451,onClick
FN:495,onClick
FN:507,onClick
FN:519,onClick
FN:538,onClick
FN:619,onClick
FN:650,onClick
FN:674,onClick
FN:683,onClick
FN:695,onClick
FN:709,onClick
FN:748,onClick
FNF:20
FNH:11
FNDA:41,MainLayout
FNDA:16,fetchUserProfile
FNDA:0,handleProfileUpdate
FNDA:0,handleFocus
FNDA:15,checkProfile
FNDA:0,handleRolePromotion
FNDA:0,handleLogout
FNDA:0,handleMarkNotificationAsRead
FNDA:1,onClick
FNDA:1,onClick
FNDA:2,onClick
FNDA:1,onClick
FNDA:0,onClick
FNDA:0,onClick
FNDA:2,onClick
FNDA:0,onClick
FNDA:1,onClick
FNDA:1,onClick
FNDA:0,onClick
FNDA:1,onClick
DA:3,1
DA:4,1
DA:5,1
DA:12,1
DA:13,1
DA:14,1
DA:15,1
DA:27,1
DA:28,41
DA:29,41
DA:30,41
DA:31,41
DA:32,41
DA:33,41
DA:36,41
DA:37,41
DA:38,41
DA:39,41
DA:40,41
DA:41,41
DA:42,41
DA:43,41
DA:44,41
DA:45,41
DA:47,41
DA:48,41
DA:49,41
DA:50,41
DA:51,41
DA:52,41
DA:53,41
DA:54,41
DA:56,41
DA:57,41
DA:58,41
DA:63,41
DA:64,1
DA:66,1
DA:68,1
DA:69,1
DA:70,1
DA:71,1
DA:72,0
DA:73,0
DA:74,1
DA:75,1
DA:76,1
DA:77,1
DA:80,0
DA:83,0
DA:86,0
DA:87,0
DA:88,0
DA:89,0
DA:90,1
DA:91,0
DA:92,0
DA:93,41
DA:99,41
DA:100,14
DA:102,14
DA:103,14
DA:104,14
DA:106,14
DA:107,14
DA:108,14
DA:109,14
DA:110,14
DA:112,1
DA:113,1
DA:114,1
DA:117,14
DA:118,1
DA:119,1
DA:120,1
DA:121,0
DA:122,1
DA:123,1
DA:124,1
DA:125,0
DA:126,0
DA:127,1
DA:130,1
DA:132,14
DA:133,13
DA:134,13
DA:135,41
DA:138,41
DA:139,16
DA:141,14
DA:142,41
DA:144,41
DA:145,16
DA:146,16
DA:147,15
DA:148,15
DA:149,12
DA:150,16
DA:151,15
DA:152,15
DA:153,16
DA:155,16
DA:157,16
DA:158,0
DA:159,0
DA:161,16
DA:163,16
DA:164,16
DA:165,16
DA:166,41
DA:169,41
DA:170,40
DA:172,36
DA:173,0
DA:174,0
DA:175,0
DA:176,36
DA:178,36
DA:179,36
DA:180,36
DA:181,41
DA:184,41
DA:185,40
DA:187,38
DA:188,38
DA:189,0
DA:190,0
DA:192,0
DA:193,0
DA:194,0
DA:195,0
DA:197,0
DA:198,0
DA:199,0
DA:200,0
DA:201,0
DA:202,0
DA:204,0
DA:205,0
DA:206,0
DA:207,0
DA:208,38
DA:210,38
DA:211,0
DA:212,0
DA:213,0
DA:214,0
DA:215,0
DA:216,0
DA:217,0
DA:218,38
DA:220,38
DA:221,0
DA:222,0
DA:223,0
DA:224,38
DA:227,38
DA:229,0
DA:230,0
DA:231,0
DA:232,0
DA:233,38
DA:236,38
DA:238,0
DA:239,0
DA:240,38
DA:243,38
DA:245,0
DA:246,0
DA:248,0
DA:249,0
DA:250,0
DA:251,0
DA:252,0
DA:253,0
DA:256,0
DA:257,0
DA:258,0
DA:259,0
DA:261,0
DA:263,0
DA:264,0
DA:265,0
DA:266,0
DA:267,0
DA:268,0
DA:269,0
DA:270,38
DA:271,38
DA:273,38
DA:274,41
DA:277,41
DA:278,16
DA:279,0
DA:280,0
DA:282,16
DA:283,16
DA:284,0
DA:285,16
DA:287,16
DA:288,16
DA:289,16
DA:290,41
DA:293,41
DA:294,16
DA:296,15
DA:297,15
DA:298,12
DA:299,12
DA:300,12
DA:302,13
DA:303,1
DA:304,1
DA:305,1
DA:307,2
DA:308,2
DA:309,2
DA:310,13
DA:311,0
DA:312,0
DA:313,15
DA:315,15
DA:316,41
DA:319,41
DA:320,17
DA:321,1
DA:322,1
DA:323,17
DA:325,0
DA:326,0
DA:327,0
DA:328,17
DA:329,0
DA:330,0
DA:331,41
DA:333,41
DA:334,39
DA:336,36
DA:337,0
DA:338,0
DA:340,36
DA:342,36
DA:343,41
DA:345,41
DA:346,0
DA:347,0
DA:348,0
DA:350,41
DA:351,0
DA:353,0
DA:354,0
DA:356,0
DA:357,0
DA:358,0
DA:359,0
DA:360,0
DA:361,0
DA:363,41
DA:364,41
DA:365,41
DA:367,41
DA:368,41
DA:369,41
DA:370,41
DA:371,41
DA:372,41
DA:373,41
DA:374,41
DA:375,0
DA:376,41
DA:377,41
DA:378,41
DA:379,41
DA:380,41
DA:381,41
DA:382,41
DA:383,41
DA:384,41
DA:385,41
DA:386,41
DA:387,41
DA:388,41
DA:389,41
DA:390,41
DA:391,41
DA:392,41
DA:393,41
DA:394,41
DA:395,41
DA:396,41
DA:397,41
DA:398,41
DA:399,41
DA:400,41
DA:401,41
DA:402,41
DA:403,41
DA:404,41
DA:405,41
DA:406,41
DA:407,41
DA:408,41
DA:409,41
DA:410,41
DA:411,41
DA:412,41
DA:413,41
DA:414,41
DA:416,41
DA:417,37
DA:418,4
DA:420,41
DA:422,41
DA:423,41
DA:425,41
DA:426,41
DA:428,41
DA:429,1
DA:430,1
DA:431,1
DA:432,1
DA:434,1
DA:435,1
DA:436,1
DA:440,41
DA:441,41
DA:442,41
DA:443,8
DA:444,33
DA:445,41
DA:446,41
DA:448,41
DA:449,41
DA:450,41
DA:451,41
DA:452,41
DA:453,41
DA:455,41
DA:456,41
DA:457,41
DA:458,41
DA:459,41
DA:460,41
DA:461,41
DA:462,41
DA:463,41
DA:464,0
DA:465,0
DA:466,0
DA:467,0
DA:469,41
DA:470,41
DA:471,38
DA:472,38
DA:474,38
DA:475,3
DA:476,0
DA:477,0
DA:479,0
DA:481,3
DA:482,3
DA:484,3
DA:486,41
DA:487,41
DA:488,41
DA:489,41
DA:491,41
DA:492,41
DA:493,37
DA:494,37
DA:495,37
DA:496,37
DA:498,37
DA:499,37
DA:500,0
DA:501,0
DA:502,0
DA:504,37
DA:505,37
DA:506,37
DA:507,37
DA:508,37
DA:510,37
DA:511,37
DA:512,0
DA:513,0
DA:514,0
DA:516,37
DA:517,37
DA:518,2
DA:519,2
DA:520,2
DA:521,2
DA:522,0
DA:523,2
DA:524,2
DA:526,2
DA:527,2
DA:528,0
DA:529,2
DA:530,2
DA:531,2
DA:532,2
DA:533,2
DA:535,2
DA:536,2
DA:537,0
DA:538,0
DA:539,0
DA:540,0
DA:541,0
DA:542,0
DA:543,0
DA:544,0
DA:545,0
DA:546,0
DA:547,0
DA:548,0
DA:549,0
DA:551,0
DA:553,2
DA:556,2
DA:557,2
DA:558,0
DA:559,0
DA:560,0
DA:561,0
DA:562,0
DA:563,0
DA:564,0
DA:565,0
DA:566,0
DA:567,0
DA:568,0
DA:569,0
DA:571,0
DA:572,0
DA:573,0
DA:574,0
DA:575,0
DA:576,0
DA:577,0
DA:578,0
DA:579,0
DA:580,0
DA:581,0
DA:582,0
DA:583,0
DA:584,0
DA:585,0
DA:586,0
DA:587,0
DA:588,0
DA:589,0
DA:590,0
DA:591,0
DA:592,0
DA:593,0
DA:594,0
DA:595,0
DA:596,0
DA:598,0
DA:599,0
DA:600,0
DA:601,0
DA:603,2
DA:604,2
DA:605,2
DA:606,2
DA:607,2
DA:608,2
DA:609,2
DA:610,2
DA:612,2
DA:615,2
DA:616,2
DA:617,2
DA:618,2
DA:619,2
DA:620,0
DA:621,0
DA:622,0
DA:623,2
DA:624,2
DA:625,0
DA:626,2
DA:627,2
DA:628,2
DA:630,2
DA:631,2
DA:632,2
DA:633,2
DA:635,37
DA:636,37
DA:639,41
DA:640,41
DA:641,41
DA:642,41
DA:644,41
DA:645,41
DA:648,41
DA:649,41
DA:650,41
DA:651,41
DA:653,41
DA:654,0
DA:655,0
DA:656,0
DA:657,0
DA:658,0
DA:659,0
DA:661,41
DA:662,41
DA:663,41
DA:665,41
DA:666,41
DA:667,41
DA:668,41
DA:669,41
DA:670,41
DA:672,41
DA:673,2
DA:674,2
DA:675,2
DA:676,2
DA:677,2
DA:678,0
DA:679,2
DA:680,2
DA:682,2
DA:683,2
DA:684,2
DA:685,2
DA:686,0
DA:687,2
DA:688,2
DA:690,2
DA:692,2
DA:694,2
DA:695,2
DA:696,2
DA:697,2
DA:698,0
DA:699,2
DA:700,2
DA:702,2
DA:704,2
DA:706,2
DA:708,2
DA:709,2
DA:710,2
DA:711,2
DA:712,0
DA:713,2
DA:714,2
DA:716,2
DA:718,2
DA:719,2
DA:720,2
DA:722,41
DA:723,41
DA:724,41
DA:725,41
DA:728,41
DA:729,41
DA:730,41
DA:731,8
DA:732,33
DA:733,41
DA:734,41
DA:735,41
DA:736,41
DA:737,41
DA:738,41
DA:739,41
DA:741,41
DA:742,41
DA:743,404
DA:744,404
DA:745,404
DA:746,404
DA:747,404
DA:748,404
DA:749,1
DA:750,1
DA:751,1
DA:752,404
DA:753,404
DA:754,1
DA:755,0
DA:756,1
DA:757,403
DA:758,77
DA:759,326
DA:760,404
DA:762,404
DA:763,404
DA:764,404
DA:765,404
DA:766,404
DA:767,0
DA:768,0
DA:769,0
DA:771,404
DA:773,41
DA:774,41
DA:775,41
DA:778,41
DA:779,41
DA:780,41
DA:781,41
DA:782,41
DA:783,41
DA:784,41
DA:785,41
DA:786,41
DA:788,41
DA:789,41
DA:791,41
DA:792,41
DA:793,41
DA:796,41
DA:797,0
DA:798,0
DA:799,0
DA:800,0
DA:801,0
DA:802,0
DA:803,0
DA:804,0
DA:805,0
DA:806,0
DA:808,0
DA:809,0
DA:811,0
DA:812,0
DA:813,0
DA:814,0
DA:815,0
DA:816,0
DA:818,0
DA:819,0
DA:820,0
DA:821,0
DA:823,0
DA:824,0
DA:825,0
DA:827,0
DA:829,0
DA:830,0
DA:831,0
DA:833,41
DA:835,41
DA:837,1
LF:654
LH:441
BRDA:27,0,0,41
BRDA:56,1,0,40
BRDA:57,2,0,40
BRDA:58,3,0,40
BRDA:93,4,0,40
BRDA:93,5,0,40
BRDA:135,6,0,40
BRDA:135,7,0,40
BRDA:142,8,0,40
BRDA:166,9,0,40
BRDA:181,10,0,40
BRDA:274,11,0,40
BRDA:274,12,0,40
BRDA:316,13,0,40
BRDA:316,14,0,40
BRDA:374,15,0,40
BRDA:374,16,0,6
BRDA:374,17,0,5
BRDA:374,18,0,35
BRDA:374,19,0,0
BRDA:398,20,0,0
BRDA:405,21,0,0
BRDA:412,22,0,0
BRDA:416,23,0,16
BRDA:416,24,0,15
BRDA:416,25,0,4
BRDA:416,26,0,3
BRDA:416,27,0,37
BRDA:417,28,0,4
BRDA:422,29,0,16
BRDA:422,30,0,15
BRDA:423,31,0,1
BRDA:423,32,0,40
BRDA:428,33,0,1
BRDA:442,34,0,8
BRDA:443,35,0,33
BRDA:446,36,0,1
BRDA:446,37,0,40
BRDA:455,38,0,1
BRDA:455,39,0,40
BRDA:463,40,0,40
BRDA:463,41,0,0
BRDA:470,42,0,38
BRDA:474,43,0,3
BRDA:475,44,0,0
BRDA:492,45,0,16
BRDA:492,46,0,15
BRDA:492,47,0,4
BRDA:492,48,0,3
BRDA:492,49,0,37
BRDA:499,50,0,0
BRDA:511,51,0,0
BRDA:517,52,0,2
BRDA:521,53,0,0
BRDA:527,54,0,0
BRDA:532,55,0,0
BRDA:536,56,0,0
BRDA:557,57,0,0
BRDA:604,58,0,0
BRDA:607,59,0,0
BRDA:616,60,0,0
BRDA:624,61,0,0
BRDA:642,62,0,8
BRDA:642,63,0,33
BRDA:644,64,0,8
BRDA:644,65,0,33
BRDA:653,66,0,0
BRDA:662,67,0,40
BRDA:662,68,0,37
BRDA:666,69,0,40
BRDA:667,70,0,40
BRDA:669,71,0,2
BRDA:669,72,0,39
BRDA:672,73,0,2
BRDA:677,74,0,0
BRDA:685,75,0,0
BRDA:697,76,0,0
BRDA:706,77,0,0
BRDA:711,78,0,0
BRDA:730,79,0,8
BRDA:731,80,0,33
BRDA:734,81,0,1
BRDA:734,82,0,40
BRDA:780,83,0,8
BRDA:780,84,0,33
BRDA:783,85,0,0
BRDA:788,86,0,8
BRDA:788,87,0,33
BRDA:791,88,0,35
BRDA:796,89,0,0
BRDA:63,90,0,1
BRDA:64,91,0,0
BRDA:71,92,0,0
BRDA:77,93,0,0
BRDA:90,94,0,0
BRDA:99,95,0,14
BRDA:100,96,0,0
BRDA:103,97,0,0
BRDA:110,98,0,1
BRDA:117,99,0,0
BRDA:117,100,0,1
BRDA:124,101,0,0
BRDA:132,102,0,13
BRDA:138,103,0,16
BRDA:139,104,0,14
BRDA:139,105,0,2
BRDA:139,106,0,14
BRDA:144,107,0,16
BRDA:145,108,0,16
BRDA:146,109,0,15
BRDA:146,110,0,15
BRDA:146,111,0,1
BRDA:148,112,0,12
BRDA:150,113,0,15
BRDA:163,114,0,16
BRDA:169,115,0,40
BRDA:170,116,0,4
BRDA:170,117,0,36
BRDA:178,118,0,36
BRDA:184,119,0,40
BRDA:185,120,0,2
BRDA:185,121,0,38
BRDA:273,122,0,38
BRDA:273,123,0,228
BRDA:277,124,0,16
BRDA:287,125,0,16
BRDA:293,126,0,16
BRDA:294,127,0,15
BRDA:294,128,0,15
BRDA:294,129,0,1
BRDA:296,130,0,15
BRDA:297,131,0,3
BRDA:297,132,0,12
BRDA:300,133,0,13
BRDA:300,134,0,3
BRDA:302,135,0,1
BRDA:305,136,0,2
BRDA:310,137,0,0
BRDA:319,138,0,17
BRDA:320,139,0,1
BRDA:323,140,0,0
BRDA:328,141,0,0
BRDA:333,142,0,39
BRDA:334,143,0,3
BRDA:334,144,0,36
BRDA:342,145,0,36
BRDA:420,146,0,411
BRDA:420,147,0,410
BRDA:451,148,0,1
BRDA:495,149,0,1
BRDA:507,150,0,2
BRDA:519,151,0,1
BRDA:650,152,0,2
BRDA:683,153,0,1
BRDA:695,154,0,1
BRDA:742,155,0,404
BRDA:753,156,0,1
BRDA:754,157,0,0
BRDA:756,158,0,403
BRDA:757,159,0,77
BRDA:758,160,0,326
BRDA:766,161,0,0
BRDA:748,162,0,1
BRF:163
BRH:125
end_of_record
TN:
SF:src\components\Pagination.jsx
FN:24,Pagination
FN:33,getPageNumbers
FN:68,onClick
FN:85,onClick
FN:104,onClick
FN:119,onClick
FN:136,onClick
FN:159,onChange
FNF:8
FNH:4
FNDA:85,Pagination
FNDA:85,getPageNumbers
FNDA:0,onClick
FNDA:0,onClick
FNDA:0,onClick
FNDA:1,onClick
FNDA:0,onClick
FNDA:1,onChange
DA:8,1
DA:9,1
DA:24,1
DA:25,85
DA:26,85
DA:33,85
DA:34,85
DA:35,85
DA:37,85
DA:38,85
DA:40,85
DA:41,85
DA:42,85
DA:44,85
DA:45,124
DA:46,124
DA:48,85
DA:49,85
DA:51,85
DA:52,85
DA:53,85
DA:54,85
DA:56,85
DA:57,85
DA:58,85
DA:59,85
DA:60,85
DA:61,85
DA:62,85
DA:65,85
DA:67,85
DA:68,85
DA:69,85
DA:70,85
DA:71,85
DA:72,83
DA:73,58
DA:74,25
DA:75,2
DA:76,0
DA:77,2
DA:78,85
DA:80,85
DA:81,85
DA:84,85
DA:85,85
DA:86,85
DA:87,85
DA:88,85
DA:89,83
DA:90,58
DA:91,25
DA:92,2
DA:93,0
DA:94,2
DA:95,85
DA:97,85
DA:98,85
DA:101,85
DA:102,124
DA:103,124
DA:104,124
DA:105,124
DA:106,124
DA:107,85
DA:108,39
DA:109,0
DA:110,39
DA:111,124
DA:113,124
DA:114,124
DA:115,85
DA:118,85
DA:119,85
DA:120,85
DA:121,85
DA:122,85
DA:123,66
DA:124,58
DA:125,8
DA:126,19
DA:127,0
DA:128,19
DA:129,85
DA:131,85
DA:132,85
DA:135,85
DA:136,85
DA:137,85
DA:138,85
DA:139,85
DA:140,66
DA:141,58
DA:142,8
DA:143,19
DA:144,0
DA:145,19
DA:146,85
DA:148,85
DA:149,85
DA:150,85
DA:153,85
DA:154,85
DA:156,85
DA:157,85
DA:158,85
DA:159,85
DA:160,85
DA:161,85
DA:162,58
DA:163,27
DA:164,85
DA:166,85
DA:167,85
DA:168,85
DA:169,85
DA:170,85
DA:171,85
DA:172,85
DA:173,85
DA:175,85
DA:177,1
LF:122
LH:117
BRDA:24,0,0,85
BRDA:53,1,0,58
BRDA:53,2,0,27
BRDA:57,3,0,58
BRDA:57,4,0,27
BRDA:71,5,0,83
BRDA:72,6,0,58
BRDA:73,7,0,25
BRDA:74,8,0,2
BRDA:75,9,0,0
BRDA:88,10,0,83
BRDA:89,11,0,58
BRDA:90,12,0,25
BRDA:91,13,0,2
BRDA:92,14,0,0
BRDA:122,15,0,66
BRDA:123,16,0,58
BRDA:124,17,0,8
BRDA:125,18,0,19
BRDA:126,19,0,0
BRDA:139,20,0,66
BRDA:140,21,0,58
BRDA:141,22,0,8
BRDA:142,23,0,19
BRDA:143,24,0,0
BRDA:154,25,0,58
BRDA:154,26,0,27
BRDA:161,27,0,58
BRDA:162,28,0,27
BRDA:33,29,0,85
BRDA:44,30,0,124
BRDA:101,31,0,124
BRDA:106,32,0,85
BRDA:107,33,0,39
BRDA:108,34,0,0
BRDA:119,35,0,1
BRDA:159,36,0,1
BRF:37
BRH:32
end_of_record
TN:
SF:src\components\ProtectedRoute.jsx
FN:21,ProtectedRoute
FNF:1
FNH:1
FNDA:6,ProtectedRoute
DA:8,1
DA:9,1
DA:10,1
DA:21,1
DA:22,6
DA:25,6
DA:26,2
DA:27,2
DA:28,2
DA:29,2
DA:30,2
DA:31,2
DA:32,2
DA:34,2
DA:37,6
DA:38,1
DA:39,1
DA:42,6
DA:43,1
DA:44,1
DA:47,2
DA:48,2
DA:50,1
LF:23
LH:23
BRDA:21,0,0,6
BRDA:25,1,0,4
BRDA:25,2,0,5
BRDA:25,3,0,2
BRDA:34,4,0,4
BRDA:37,5,0,1
BRDA:39,6,0,3
BRDA:42,7,0,3
BRDA:42,8,0,1
BRDA:44,9,0,2
BRF:10
BRH:10
end_of_record
TN:
SF:src\components\SkillRadarChart.jsx
FN:32,SkillRadarChart
FN:143,title
FN:144,label
FN:236,onClick
FNF:4
FNH:2
FNDA:9,SkillRadarChart
FNDA:0,title
FNDA:0,label
FNDA:2,onClick
DA:7,1
DA:8,1
DA:20,1
DA:32,1
DA:33,9
DA:34,9
DA:35,9
DA:37,9
DA:38,7
DA:41,6
DA:42,0
DA:43,0
DA:45,4
DA:48,7
DA:50,7
DA:51,7
DA:52,12
DA:53,12
DA:54,7
DA:57,7
DA:58,7
DA:59,7
DA:60,7
DA:61,7
DA:64,7
DA:65,7
DA:66,7
DA:67,7
DA:68,7
DA:69,7
DA:70,7
DA:71,7
DA:72,7
DA:73,7
DA:74,7
DA:75,7
DA:76,7
DA:77,7
DA:78,7
DA:79,7
DA:80,7
DA:81,7
DA:82,7
DA:83,7
DA:84,7
DA:85,7
DA:86,7
DA:87,7
DA:88,7
DA:89,7
DA:90,7
DA:91,7
DA:92,7
DA:93,7
DA:94,7
DA:95,7
DA:96,7
DA:97,7
DA:98,7
DA:99,7
DA:100,7
DA:101,7
DA:102,7
DA:103,7
DA:104,7
DA:105,7
DA:106,7
DA:107,7
DA:108,7
DA:109,7
DA:110,7
DA:111,7
DA:112,7
DA:113,7
DA:114,7
DA:115,7
DA:116,7
DA:117,7
DA:118,7
DA:119,7
DA:120,7
DA:121,7
DA:122,7
DA:123,7
DA:124,7
DA:125,7
DA:126,7
DA:127,7
DA:128,7
DA:129,7
DA:130,7
DA:131,7
DA:132,7
DA:133,7
DA:134,7
DA:135,7
DA:136,7
DA:137,7
DA:138,7
DA:139,7
DA:140,7
DA:141,7
DA:142,7
DA:143,7
DA:144,7
DA:145,7
DA:146,7
DA:147,7
DA:148,7
DA:149,7
DA:150,7
DA:151,7
DA:152,7
DA:153,7
DA:154,7
DA:156,7
DA:157,4
DA:158,4
DA:159,4
DA:160,4
DA:161,9
DA:163,9
DA:164,3
DA:165,3
DA:166,3
DA:167,1
DA:168,2
DA:169,3
DA:170,3
DA:171,3
DA:172,3
DA:173,3
DA:174,3
DA:175,3
DA:176,3
DA:177,3
DA:179,3
DA:181,6
DA:182,9
DA:183,9
DA:184,9
DA:185,9
DA:186,9
DA:187,9
DA:190,9
DA:191,9
DA:192,9
DA:193,9
DA:194,9
DA:197,9
DA:198,9
DA:199,1
DA:200,5
DA:201,9
DA:202,9
DA:203,9
DA:204,9
DA:205,9
DA:207,9
DA:208,9
DA:209,9
DA:210,9
DA:211,9
DA:212,9
DA:213,9
DA:214,9
DA:215,9
DA:216,9
DA:217,9
DA:220,9
DA:221,9
DA:222,9
DA:223,9
DA:224,9
DA:225,24
DA:226,24
DA:227,24
DA:228,24
DA:229,24
DA:230,24
DA:231,9
DA:232,9
DA:233,9
DA:234,3
DA:235,3
DA:236,3
DA:237,3
DA:238,3
DA:239,0
DA:240,3
DA:241,3
DA:243,3
DA:244,3
DA:246,9
DA:247,9
DA:249,9
DA:251,1
LF:197
LH:194
BRDA:32,0,0,9
BRDA:163,1,0,8
BRDA:163,2,0,3
BRDA:166,3,0,1
BRDA:167,4,0,2
BRDA:179,5,0,8
BRDA:179,6,0,6
BRDA:182,7,0,1
BRDA:182,8,0,5
BRDA:184,9,0,1
BRDA:184,10,0,5
BRDA:198,11,0,1
BRDA:199,12,0,5
BRDA:205,13,0,1
BRDA:205,14,0,5
BRDA:210,15,0,1
BRDA:210,16,0,5
BRDA:211,17,0,1
BRDA:211,18,0,5
BRDA:221,19,0,1
BRDA:221,20,0,5
BRDA:224,21,0,1
BRDA:224,22,0,5
BRDA:233,23,0,3
BRDA:238,24,0,0
BRDA:243,25,0,1
BRDA:243,26,0,2
BRDA:37,27,0,7
BRDA:38,28,0,4
BRDA:38,29,0,4
BRDA:38,30,0,3
BRDA:38,31,0,6
BRDA:38,32,0,4
BRDA:41,33,0,0
BRDA:43,34,0,4
BRDA:48,35,0,0
BRDA:57,36,0,1
BRDA:57,37,0,3
BRDA:58,38,0,1
BRDA:58,39,0,3
BRDA:59,40,0,1
BRDA:59,41,0,3
BRDA:60,42,0,1
BRDA:60,43,0,3
BRDA:61,44,0,1
BRDA:61,45,0,3
BRDA:75,46,0,1
BRDA:75,47,0,3
BRDA:79,48,0,1
BRDA:79,49,0,3
BRDA:128,50,0,1
BRDA:128,51,0,3
BRDA:129,52,0,1
BRDA:129,53,0,3
BRDA:130,54,0,1
BRDA:130,55,0,3
BRDA:131,56,0,1
BRDA:131,57,0,3
BRDA:50,58,0,12
BRDA:50,59,0,1
BRDA:50,60,0,0
BRDA:51,61,0,12
BRDA:52,62,0,1
BRDA:53,63,0,1
BRDA:53,64,0,11
BRDA:156,65,0,4
BRDA:224,66,0,24
BRDA:226,67,0,1
BRDA:227,68,0,1
BRDA:227,69,0,23
BRDA:228,70,0,1
BRDA:236,71,0,2
BRF:72
BRH:68
end_of_record
TN:
SF:src\components\SkillsInput.jsx
FN:23,SkillsInput
FN:61,fetchFreshSkills
FN:90,handleAddSkill
FN:232,handleRemoveSkill
FN:293,handleKeyDown
FN:305,getProficiencyColor
FN:350,onClick
FN:367,onClick
FN:395,onChange
FN:416,onChange
FN:448,onChange
FN:478,onClick
FNF:12
FNH:9
FNDA:41,SkillsInput
FNDA:3,fetchFreshSkills
FNDA:4,handleAddSkill
FNDA:1,handleRemoveSkill
FNDA:1,handleKeyDown
FNDA:6,getProficiencyColor
FNDA:1,onClick
FNDA:5,onClick
FNDA:3,onChange
FNDA:0,onChange
FNDA:0,onChange
FNDA:0,onClick
DA:8,1
DA:9,1
DA:10,1
DA:23,1
DA:24,41
DA:26,41
DA:28,41
DA:30,41
DA:32,41
DA:34,41
DA:36,41
DA:39,41
DA:40,41
DA:41,41
DA:42,41
DA:43,41
DA:44,41
DA:45,41
DA:46,41
DA:47,41
DA:48,41
DA:49,41
DA:50,41
DA:53,41
DA:54,7
DA:55,41
DA:61,41
DA:62,3
DA:64,3
DA:65,3
DA:66,3
DA:67,3
DA:68,3
DA:69,3
DA:70,3
DA:71,3
DA:72,3
DA:74,3
DA:75,2
DA:76,2
DA:77,3
DA:78,1
DA:79,1
DA:80,3
DA:81,0
DA:82,0
DA:83,3
DA:90,41
DA:91,4
DA:92,1
DA:93,1
DA:94,1
DA:96,3
DA:97,3
DA:98,3
DA:99,3
DA:100,3
DA:101,3
DA:103,3
DA:104,4
DA:106,2
DA:107,2
DA:108,2
DA:109,2
DA:110,2
DA:111,2
DA:112,2
DA:113,2
DA:114,2
DA:115,2
DA:116,2
DA:117,2
DA:118,2
DA:120,2
DA:121,1
DA:122,1
DA:123,1
DA:124,1
DA:125,1
DA:126,1
DA:127,1
DA:128,1
DA:129,1
DA:130,1
DA:132,1
DA:133,0
DA:134,0
DA:136,1
DA:137,1
DA:138,0
DA:139,0
DA:140,0
DA:141,2
DA:142,0
DA:143,0
DA:146,2
DA:147,2
DA:148,0
DA:149,0
DA:150,0
DA:151,0
DA:154,2
DA:155,2
DA:156,2
DA:157,2
DA:158,2
DA:159,2
DA:160,2
DA:161,2
DA:162,2
DA:163,2
DA:164,2
DA:166,2
DA:167,0
DA:168,0
DA:169,0
DA:170,0
DA:171,0
DA:172,0
DA:174,2
DA:177,2
DA:180,2
DA:182,2
DA:183,1
DA:186,1
DA:187,1
DA:188,1
DA:189,1
DA:191,1
DA:192,1
DA:193,1
DA:194,1
DA:195,1
DA:196,1
DA:199,2
DA:200,2
DA:201,2
DA:203,4
DA:205,1
DA:206,1
DA:207,1
DA:208,1
DA:209,1
DA:210,1
DA:211,1
DA:212,1
DA:213,1
DA:216,3
DA:217,3
DA:218,3
DA:219,3
DA:220,4
DA:221,0
DA:222,4
DA:223,3
DA:224,3
DA:225,4
DA:232,41
DA:233,1
DA:234,1
DA:235,1
DA:236,1
DA:237,1
DA:238,1
DA:239,1
DA:240,1
DA:241,1
DA:242,1
DA:243,1
DA:244,1
DA:246,1
DA:247,0
DA:248,0
DA:251,1
DA:254,1
DA:256,1
DA:257,1
DA:259,1
DA:260,1
DA:261,1
DA:262,1
DA:263,0
DA:264,0
DA:265,0
DA:266,0
DA:267,0
DA:268,0
DA:269,1
DA:271,0
DA:272,0
DA:273,0
DA:274,0
DA:275,0
DA:276,0
DA:279,1
DA:280,1
DA:281,1
DA:282,1
DA:283,0
DA:284,1
DA:285,1
DA:286,1
DA:287,1
DA:293,41
DA:294,1
DA:295,1
DA:296,1
DA:297,1
DA:298,1
DA:305,41
DA:306,6
DA:307,6
DA:308,6
DA:309,6
DA:310,6
DA:311,6
DA:312,6
DA:313,6
DA:314,6
DA:315,6
DA:316,0
DA:317,0
DA:318,0
DA:319,0
DA:320,0
DA:321,0
DA:322,0
DA:323,0
DA:324,0
DA:325,6
DA:327,41
DA:328,41
DA:330,41
DA:331,41
DA:332,26
DA:333,26
DA:334,26
DA:336,26
DA:338,41
DA:339,6
DA:340,6
DA:341,6
DA:343,6
DA:344,6
DA:345,6
DA:346,6
DA:347,6
DA:348,6
DA:349,6
DA:350,6
DA:351,6
DA:352,6
DA:353,6
DA:355,6
DA:356,6
DA:358,6
DA:359,41
DA:360,41
DA:363,41
DA:364,41
DA:365,41
DA:366,31
DA:367,31
DA:368,31
DA:369,31
DA:370,31
DA:371,31
DA:372,31
DA:373,0
DA:374,31
DA:376,31
DA:378,31
DA:380,10
DA:381,10
DA:382,10
DA:383,0
DA:384,10
DA:385,10
DA:386,10
DA:387,10
DA:388,10
DA:389,10
DA:391,10
DA:392,10
DA:393,10
DA:394,10
DA:395,10
DA:396,10
DA:397,10
DA:398,10
DA:399,10
DA:400,10
DA:401,0
DA:402,10
DA:403,10
DA:404,10
DA:405,10
DA:406,10
DA:408,10
DA:409,10
DA:410,10
DA:411,10
DA:413,10
DA:414,10
DA:415,10
DA:416,10
DA:417,10
DA:418,10
DA:419,10
DA:420,0
DA:421,10
DA:422,10
DA:424,10
DA:425,100
DA:426,10
DA:427,10
DA:428,10
DA:429,10
DA:431,10
DA:432,10
DA:433,10
DA:434,10
DA:435,10
DA:436,10
DA:437,10
DA:438,10
DA:439,10
DA:440,10
DA:442,10
DA:443,10
DA:444,10
DA:445,10
DA:446,10
DA:447,10
DA:448,10
DA:449,10
DA:450,10
DA:451,10
DA:452,10
DA:453,10
DA:454,10
DA:455,10
DA:456,10
DA:458,10
DA:459,10
DA:460,10
DA:462,10
DA:463,10
DA:464,10
DA:465,10
DA:466,10
DA:467,10
DA:468,10
DA:469,10
DA:470,0
DA:471,10
DA:473,10
DA:474,10
DA:475,10
DA:476,10
DA:477,10
DA:478,10
DA:479,0
DA:480,0
DA:481,0
DA:482,0
DA:483,0
DA:484,10
DA:485,10
DA:486,10
DA:487,10
DA:488,0
DA:489,10
DA:490,10
DA:492,10
DA:493,10
DA:494,10
DA:496,41
DA:499,41
DA:500,3
DA:501,3
DA:502,3
DA:503,3
DA:504,3
DA:505,3
DA:507,41
DA:509,41
DA:511,1
LF:388
LH:333
BRDA:23,0,0,41
BRDA:331,1,0,35
BRDA:331,2,0,26
BRDA:333,3,0,0
BRDA:365,4,0,31
BRDA:372,5,0,0
BRDA:378,6,0,10
BRDA:382,7,0,0
BRDA:388,8,0,0
BRDA:400,9,0,0
BRDA:410,10,0,0
BRDA:419,11,0,0
BRDA:433,12,0,0
BRDA:439,13,0,0
BRDA:450,14,0,0
BRDA:455,15,0,0
BRDA:469,16,0,0
BRDA:473,17,0,2
BRDA:474,18,0,2
BRDA:474,19,0,8
BRDA:487,20,0,0
BRDA:499,21,0,3
BRDA:501,22,0,0
BRDA:53,23,0,7
BRDA:61,24,0,3
BRDA:62,25,0,0
BRDA:74,26,0,2
BRDA:77,27,0,1
BRDA:80,28,0,0
BRDA:90,29,0,4
BRDA:91,30,0,1
BRDA:94,31,0,3
BRDA:104,32,0,2
BRDA:120,33,0,1
BRDA:122,34,0,0
BRDA:132,35,0,0
BRDA:137,36,0,0
BRDA:141,37,0,0
BRDA:147,38,0,0
BRDA:166,39,0,0
BRDA:182,40,0,1
BRDA:203,41,0,1
BRDA:213,42,0,3
BRDA:220,43,0,0
BRDA:222,44,0,3
BRDA:177,45,0,2
BRDA:232,46,0,1
BRDA:237,47,0,0
BRDA:246,48,0,0
BRDA:262,49,0,0
BRDA:269,50,0,0
BRDA:282,51,0,0
BRDA:251,52,0,1
BRDA:293,53,0,1
BRDA:305,54,0,6
BRDA:314,55,0,0
BRDA:315,56,0,0
BRDA:338,57,0,6
BRDA:346,58,0,2
BRDA:350,59,0,1
BRDA:367,60,0,5
BRDA:395,61,0,3
BRDA:424,62,0,100
BRF:63
BRH:33
end_of_record
TN:
SF:src\components\SkillsMultiSelect.jsx
FN:24,SkillsMultiSelect
FN:49,fetchSkills
FN:80,handleAdd
FN:96,handleCreateAndAdd
FN:159,handleKeyDown
FN:182,handleRemove
FN:208,getSkillName
FN:227,getSkillId
FN:284,onChange
FN:289,onFocus
FN:290,onBlur
FN:312,onMouseDown
FN:333,onMouseDown
FNF:13
FNH:9
FNDA:31,SkillsMultiSelect
FNDA:5,fetchSkills
FNDA:1,handleAdd
FNDA:2,handleCreateAndAdd
FNDA:2,handleKeyDown
FNDA:0,handleRemove
FNDA:0,getSkillName
FNDA:3,getSkillId
FNDA:4,onChange
FNDA:1,onFocus
FNDA:0,onBlur
FNDA:1,onMouseDown
FNDA:0,onMouseDown
DA:9,1
DA:10,1
DA:11,1
DA:24,1
DA:25,31
DA:26,31
DA:27,31
DA:28,31
DA:29,31
DA:30,31
DA:33,31
DA:36,31
DA:37,5
DA:38,0
DA:39,0
DA:40,5
DA:41,5
DA:42,5
DA:43,31
DA:49,31
DA:50,5
DA:52,5
DA:53,5
DA:55,5
DA:56,5
DA:57,5
DA:58,5
DA:59,2
DA:60,2
DA:61,5
DA:62,5
DA:63,5
DA:64,5
DA:66,31
DA:67,26
DA:68,17
DA:69,17
DA:70,31
DA:72,31
DA:73,31
DA:74,31
DA:80,31
DA:82,1
DA:84,1
DA:85,1
DA:86,1
DA:88,1
DA:89,1
DA:90,1
DA:96,31
DA:97,2
DA:99,2
DA:100,2
DA:101,0
DA:102,0
DA:103,0
DA:105,2
DA:106,2
DA:107,2
DA:108,2
DA:109,2
DA:110,2
DA:111,2
DA:115,1
DA:118,1
DA:119,1
DA:120,1
DA:121,1
DA:123,1
DA:124,1
DA:125,1
DA:126,1
DA:127,1
DA:128,1
DA:131,1
DA:132,1
DA:133,1
DA:134,1
DA:137,1
DA:138,1
DA:139,1
DA:140,1
DA:142,1
DA:143,1
DA:144,1
DA:145,0
DA:146,0
DA:147,1
DA:148,0
DA:149,0
DA:150,2
DA:151,2
DA:152,2
DA:153,2
DA:159,31
DA:160,2
DA:161,2
DA:163,2
DA:165,2
DA:166,2
DA:167,2
DA:169,2
DA:170,0
DA:171,2
DA:172,2
DA:173,2
DA:174,2
DA:175,2
DA:182,31
DA:184,0
DA:187,0
DA:190,0
DA:191,0
DA:192,0
DA:193,0
DA:194,0
DA:195,0
DA:196,0
DA:197,0
DA:198,0
DA:199,0
DA:208,31
DA:210,0
DA:211,0
DA:214,0
DA:215,0
DA:218,0
DA:219,0
DA:227,31
DA:229,3
DA:230,3
DA:233,2
DA:234,3
DA:237,2
DA:238,3
DA:240,31
DA:241,3
DA:242,3
DA:243,3
DA:245,3
DA:247,3
DA:249,28
DA:250,28
DA:252,28
DA:253,0
DA:254,0
DA:255,0
DA:256,0
DA:257,0
DA:258,0
DA:259,0
DA:260,0
DA:261,0
DA:263,0
DA:264,0
DA:265,0
DA:266,0
DA:267,0
DA:268,0
DA:269,0
DA:271,0
DA:272,0
DA:273,0
DA:274,0
DA:275,0
DA:279,31
DA:280,31
DA:281,31
DA:282,31
DA:283,31
DA:284,31
DA:285,4
DA:286,4
DA:287,4
DA:288,31
DA:289,31
DA:290,31
DA:291,31
DA:292,31
DA:293,16
DA:294,12
DA:295,31
DA:296,31
DA:299,31
DA:300,7
DA:301,7
DA:302,3
DA:303,4
DA:304,7
DA:306,7
DA:307,1
DA:308,1
DA:309,1
DA:310,1
DA:311,1
DA:312,1
DA:313,1
DA:314,1
DA:315,1
DA:316,1
DA:317,1
DA:318,1
DA:320,1
DA:321,1
DA:322,1
DA:324,1
DA:325,1
DA:326,1
DA:330,7
DA:331,6
DA:332,6
DA:333,6
DA:334,0
DA:335,0
DA:336,0
DA:337,6
DA:338,6
DA:339,6
DA:340,2
DA:341,4
DA:342,6
DA:344,6
DA:345,6
DA:346,2
DA:348,4
DA:350,6
DA:351,6
DA:352,6
DA:353,6
DA:354,6
DA:355,6
DA:356,6
DA:357,6
DA:358,6
DA:359,6
DA:363,7
DA:364,0
DA:365,0
DA:366,0
DA:368,0
DA:370,7
DA:372,31
DA:374,31
DA:376,31
DA:377,31
DA:379,31
DA:381,1
LF:247
LH:191
BRDA:24,0,0,31
BRDA:240,1,0,3
BRDA:240,2,0,3
BRDA:247,3,0,28
BRDA:252,4,0,0
BRDA:292,5,0,16
BRDA:293,6,0,12
BRDA:299,7,0,8
BRDA:299,8,0,7
BRDA:301,9,0,3
BRDA:302,10,0,4
BRDA:306,11,0,1
BRDA:330,12,0,6
BRDA:339,13,0,2
BRDA:340,14,0,4
BRDA:342,15,0,2
BRDA:342,16,0,4
BRDA:345,17,0,2
BRDA:346,18,0,4
BRDA:352,19,0,2
BRDA:352,20,0,4
BRDA:355,21,0,2
BRDA:355,22,0,4
BRDA:363,23,0,6
BRDA:363,24,0,0
BRDA:374,25,0,16
BRDA:374,26,0,12
BRDA:36,27,0,5
BRDA:37,28,0,0
BRDA:49,29,0,5
BRDA:50,30,0,0
BRDA:56,31,0,3
BRDA:57,32,0,0
BRDA:58,33,0,2
BRDA:66,34,0,26
BRDA:67,35,0,17
BRDA:68,36,0,17
BRDA:73,37,0,25
BRDA:80,38,0,1
BRDA:96,39,0,2
BRDA:97,40,0,0
BRDA:100,41,0,0
BRDA:111,42,0,1
BRDA:126,43,0,0
BRDA:144,44,0,0
BRDA:147,45,0,0
BRDA:115,46,0,1
BRDA:131,47,0,1
BRDA:133,48,0,0
BRDA:132,49,0,2
BRDA:159,50,0,2
BRDA:163,51,0,0
BRDA:169,52,0,0
BRDA:166,53,0,4
BRDA:227,54,0,3
BRDA:230,55,0,1
BRDA:230,56,0,2
BRDA:234,57,0,0
BRDA:234,58,0,2
BRDA:229,59,0,5
BRDA:233,60,0,4
BRDA:284,61,0,4
BRDA:289,62,0,1
BRDA:308,63,0,1
BRDA:317,64,0,0
BRDA:312,65,0,1
BRF:66
BRH:51
end_of_record
TN:
SF:src\components\TaskComplexityAnalyzer.jsx
FN:24,TaskComplexityAnalyzer
FN:35,analyzeComplexity
FNF:2
FNH:2
FNDA:12,TaskComplexityAnalyzer
FNDA:2,analyzeComplexity
DA:9,1
DA:10,1
DA:11,1
DA:24,1
DA:25,12
DA:26,12
DA:27,12
DA:28,12
DA:35,12
DA:37,2
DA:38,0
DA:39,0
DA:40,0
DA:41,2
DA:42,2
DA:43,2
DA:45,2
DA:46,2
DA:47,2
DA:48,2
DA:49,2
DA:52,2
DA:53,1
DA:54,1
DA:56,1
DA:58,1
DA:59,1
DA:60,1
DA:61,2
DA:62,1
DA:63,1
DA:64,2
DA:65,2
DA:66,2
DA:67,2
DA:69,12
DA:70,6
DA:71,6
DA:73,6
DA:75,6
DA:77,12
DA:78,2
DA:79,2
DA:80,2
DA:81,2
DA:82,2
DA:83,2
DA:84,0
DA:85,2
DA:86,2
DA:88,2
DA:90,2
DA:92,2
DA:94,4
DA:95,4
DA:96,4
DA:97,0
DA:98,4
DA:99,12
DA:101,12
DA:102,12
DA:103,12
DA:104,12
DA:105,12
DA:107,12
DA:108,12
DA:109,12
DA:112,12
DA:113,1
DA:114,1
DA:115,0
DA:116,1
DA:117,1
DA:118,1
DA:119,1
DA:120,1
DA:121,1
DA:122,1
DA:123,1
DA:127,12
DA:128,1
DA:130,1
DA:131,1
DA:132,0
DA:133,1
DA:134,1
DA:135,1
DA:136,1
DA:138,1
DA:139,1
DA:140,1
DA:141,1
DA:142,0
DA:143,0
DA:144,1
DA:145,1
DA:146,1
DA:147,0
DA:148,0
DA:149,1
DA:150,1
DA:151,1
DA:152,1
DA:153,1
DA:156,1
DA:157,1
DA:158,1
DA:159,1
DA:160,0
DA:161,0
DA:162,1
DA:163,1
DA:164,1
DA:165,1
DA:166,1
DA:169,1
DA:170,1
DA:171,1
DA:172,1
DA:173,1
DA:174,1
DA:175,1
DA:176,1
DA:177,1
DA:178,0
DA:179,0
DA:180,1
DA:181,1
DA:182,1
DA:183,1
DA:184,1
DA:187,1
DA:188,1
DA:189,0
DA:190,1
DA:191,1
DA:192,1
DA:193,1
DA:195,1
DA:196,1
DA:197,1
DA:198,1
DA:199,1
DA:200,1
DA:201,1
DA:202,1
DA:203,1
DA:206,1
DA:207,1
DA:208,0
DA:209,1
DA:210,1
DA:211,1
DA:212,1
DA:213,1
DA:216,1
DA:217,1
DA:218,1
DA:219,0
DA:220,1
DA:221,1
DA:222,1
DA:223,1
DA:224,1
DA:225,2
DA:226,1
DA:227,1
DA:228,1
DA:232,1
DA:233,1
DA:234,1
DA:235,1
DA:236,1
DA:238,1
DA:242,12
DA:243,2
DA:244,2
DA:245,2
DA:247,2
DA:248,2
DA:250,12
DA:252,12
DA:254,1
LF:183
LH:165
BRDA:24,0,0,12
BRDA:69,1,0,11
BRDA:69,2,0,6
BRDA:71,3,0,4
BRDA:71,4,0,2
BRDA:75,5,0,7
BRDA:75,6,0,6
BRDA:77,7,0,2
BRDA:77,8,0,7
BRDA:77,9,0,2
BRDA:83,10,0,0
BRDA:92,11,0,4
BRDA:96,12,0,0
BRDA:97,13,0,4
BRDA:105,14,0,0
BRDA:105,15,0,4
BRDA:108,16,0,2
BRDA:108,17,0,0
BRDA:112,18,0,1
BRDA:114,19,0,0
BRDA:127,20,0,1
BRDA:127,21,0,1
BRDA:127,22,0,1
BRDA:131,23,0,0
BRDA:136,24,0,0
BRDA:141,25,0,0
BRDA:146,26,0,0
BRDA:150,27,0,0
BRDA:150,28,0,0
BRDA:156,29,0,0
BRDA:159,30,0,0
BRDA:163,31,0,0
BRDA:169,32,0,0
BRDA:170,33,0,0
BRDA:171,34,0,0
BRDA:172,35,0,0
BRDA:174,36,0,0
BRDA:175,37,0,0
BRDA:177,38,0,0
BRDA:181,39,0,0
BRDA:188,40,0,0
BRDA:193,41,0,0
BRDA:196,42,0,0
BRDA:197,43,0,0
BRDA:197,44,0,0
BRDA:200,45,0,0
BRDA:201,46,0,0
BRDA:201,47,0,0
BRDA:207,48,0,0
BRDA:212,49,0,0
BRDA:218,50,0,0
BRDA:233,51,0,0
BRDA:242,52,0,2
BRDA:242,53,0,2
BRDA:244,54,0,0
BRDA:245,55,0,0
BRDA:35,56,0,2
BRDA:37,57,0,0
BRDA:48,58,0,0
BRDA:52,59,0,1
BRDA:61,60,0,1
BRDA:62,61,0,0
BRDA:224,62,0,2
BRF:63
BRH:24
end_of_record
TN:
SF:src\components\TaskDetailsModal.jsx
FN:47,TaskDetailsModal
FN:84,handleTaskUpdate
FN:114,fetchTaskDetails
FN:149,handleAddComment
FN:171,handleDeleteComment
FN:189,handleAddTimeEntry
FN:229,handleStatusChange
FN:247,getPriorityColor
FN:263,getStatusColor
FN:280,formatDate
FN:336,onClick
FN:347,onClick
FN:354,onClick
FN:365,onClick
FN:391,onClick
FN:579,onChange
FN:695,onChange
FN:719,onChange
FN:742,onChange
FN:987,onClick
FNF:20
FNH:13
FNDA:53,TaskDetailsModal
FNDA:0,handleTaskUpdate
FNDA:17,fetchTaskDetails
FNDA:1,handleAddComment
FNDA:0,handleDeleteComment
FNDA:1,handleAddTimeEntry
FNDA:2,handleStatusChange
FNDA:53,getPriorityColor
FNDA:53,getStatusColor
FNDA:87,formatDate
FNDA:0,onClick
FNDA:1,onClick
FNDA:0,onClick
FNDA:1,onClick
FNDA:6,onClick
FNDA:1,onChange
FNDA:1,onChange
FNDA:0,onChange
FNDA:0,onChange
FNDA:0,onClick
DA:15,1
DA:16,1
DA:21,1
DA:22,1
DA:23,1
DA:25,1
DA:28,1
DA:29,1
DA:30,1
DA:31,1
DA:32,1
DA:33,1
DA:47,1
DA:48,53
DA:49,53
DA:50,53
DA:51,53
DA:52,53
DA:53,53
DA:54,53
DA:55,53
DA:56,53
DA:57,53
DA:58,53
DA:59,53
DA:60,53
DA:61,53
DA:62,53
DA:63,53
DA:64,53
DA:67,53
DA:68,15
DA:69,15
DA:70,15
DA:71,53
DA:74,53
DA:75,15
DA:76,15
DA:77,15
DA:78,53
DA:81,53
DA:82,15
DA:84,14
DA:87,0
DA:89,0
DA:90,0
DA:93,0
DA:94,0
DA:95,0
DA:98,14
DA:99,14
DA:100,14
DA:101,14
DA:102,14
DA:103,14
DA:105,14
DA:106,53
DA:114,53
DA:115,17
DA:117,17
DA:120,17
DA:121,17
DA:122,17
DA:123,17
DA:124,17
DA:125,17
DA:127,15
DA:128,15
DA:129,15
DA:130,15
DA:133,15
DA:134,15
DA:136,17
DA:137,2
DA:138,17
DA:139,17
DA:140,17
DA:141,17
DA:149,53
DA:150,1
DA:151,1
DA:153,1
DA:154,1
DA:155,1
DA:156,1
DA:157,1
DA:159,0
DA:160,0
DA:161,1
DA:162,1
DA:163,1
DA:164,1
DA:171,53
DA:172,0
DA:174,0
DA:175,0
DA:176,0
DA:177,0
DA:178,0
DA:179,0
DA:180,0
DA:189,53
DA:190,1
DA:191,1
DA:192,1
DA:193,1
DA:194,1
DA:196,0
DA:198,0
DA:199,0
DA:200,0
DA:201,0
DA:202,0
DA:203,0
DA:205,0
DA:206,0
DA:207,0
DA:208,0
DA:209,0
DA:210,0
DA:212,0
DA:213,0
DA:214,0
DA:215,0
DA:216,0
DA:218,0
DA:219,0
DA:220,0
DA:221,0
DA:222,1
DA:229,53
DA:230,2
DA:231,2
DA:232,2
DA:234,2
DA:236,2
DA:237,0
DA:238,0
DA:239,2
DA:247,53
DA:248,53
DA:249,53
DA:250,53
DA:251,53
DA:252,53
DA:253,53
DA:254,53
DA:255,53
DA:263,53
DA:264,53
DA:265,53
DA:266,53
DA:267,53
DA:268,53
DA:269,53
DA:270,53
DA:271,53
DA:272,53
DA:280,53
DA:281,87
DA:282,11
DA:283,87
DA:285,53
DA:286,1
DA:288,53
DA:290,53
DA:291,53
DA:292,53
DA:293,53
DA:294,53
DA:297,53
DA:298,53
DA:299,53
DA:300,53
DA:301,53
DA:302,53
DA:303,53
DA:304,53
DA:305,53
DA:307,53
DA:308,53
DA:309,53
DA:310,53
DA:311,53
DA:313,53
DA:314,53
DA:315,53
DA:316,53
DA:317,53
DA:318,53
DA:320,53
DA:321,53
DA:322,53
DA:323,53
DA:324,0
DA:325,0
DA:326,0
DA:327,0
DA:329,53
DA:330,53
DA:333,53
DA:334,53
DA:335,35
DA:336,35
DA:337,35
DA:339,35
DA:341,35
DA:344,53
DA:345,4
DA:346,4
DA:347,4
DA:348,4
DA:350,4
DA:352,4
DA:353,4
DA:354,4
DA:355,4
DA:357,4
DA:359,4
DA:360,4
DA:363,53
DA:364,4
DA:365,4
DA:366,4
DA:368,4
DA:370,4
DA:373,53
DA:374,53
DA:375,53
DA:376,53
DA:377,53
DA:379,53
DA:380,53
DA:381,53
DA:382,53
DA:385,53
DA:386,53
DA:387,53
DA:388,53
DA:389,212
DA:390,212
DA:391,212
DA:392,212
DA:393,212
DA:394,53
DA:395,4
DA:396,49
DA:397,159
DA:398,12
DA:399,147
DA:400,212
DA:402,212
DA:403,212
DA:404,212
DA:405,212
DA:406,212
DA:407,212
DA:408,0
DA:409,0
DA:410,0
DA:412,212
DA:413,53
DA:414,53
DA:417,53
DA:418,53
DA:419,13
DA:420,13
DA:421,13
DA:423,40
DA:425,40
DA:426,32
DA:427,32
DA:428,9
DA:429,9
DA:430,9
DA:431,9
DA:432,9
DA:433,9
DA:434,9
DA:435,9
DA:436,9
DA:437,9
DA:440,32
DA:441,32
DA:442,32
DA:443,32
DA:444,32
DA:445,32
DA:446,32
DA:447,32
DA:448,32
DA:449,32
DA:450,32
DA:451,32
DA:452,32
DA:453,32
DA:454,32
DA:455,32
DA:457,32
DA:458,32
DA:459,32
DA:460,32
DA:461,32
DA:462,32
DA:463,32
DA:464,32
DA:465,32
DA:466,32
DA:467,32
DA:468,32
DA:469,32
DA:470,32
DA:471,32
DA:473,32
DA:474,0
DA:475,0
DA:476,0
DA:477,0
DA:478,0
DA:479,0
DA:480,0
DA:481,0
DA:482,0
DA:483,0
DA:484,0
DA:485,0
DA:486,0
DA:489,32
DA:490,15
DA:491,15
DA:492,15
DA:493,15
DA:494,15
DA:495,15
DA:496,15
DA:497,15
DA:498,15
DA:499,15
DA:500,15
DA:501,15
DA:502,15
DA:505,32
DA:506,0
DA:507,0
DA:508,0
DA:509,0
DA:510,0
DA:511,0
DA:512,0
DA:513,0
DA:514,0
DA:515,0
DA:516,0
DA:518,32
DA:521,32
DA:522,9
DA:523,9
DA:524,9
DA:525,9
DA:526,9
DA:527,9
DA:528,9
DA:529,9
DA:530,9
DA:531,9
DA:532,9
DA:534,9
DA:535,9
DA:536,9
DA:537,9
DA:538,9
DA:539,9
DA:540,9
DA:541,9
DA:542,9
DA:543,9
DA:544,9
DA:545,9
DA:546,9
DA:547,9
DA:548,9
DA:549,9
DA:550,9
DA:551,9
DA:552,9
DA:553,9
DA:554,9
DA:555,0
DA:556,0
DA:557,0
DA:558,9
DA:560,9
DA:561,9
DA:562,9
DA:563,9
DA:564,9
DA:565,9
DA:567,32
DA:571,40
DA:572,2
DA:574,2
DA:575,2
DA:576,2
DA:577,2
DA:578,2
DA:579,2
DA:580,2
DA:581,2
DA:582,2
DA:583,0
DA:584,2
DA:585,2
DA:586,2
DA:587,2
DA:588,2
DA:589,2
DA:590,2
DA:591,2
DA:592,2
DA:594,2
DA:596,2
DA:597,2
DA:598,2
DA:601,2
DA:602,2
DA:603,0
DA:604,0
DA:605,0
DA:606,0
DA:608,0
DA:609,0
DA:610,0
DA:611,0
DA:612,0
DA:613,0
DA:614,0
DA:615,0
DA:617,0
DA:618,0
DA:619,0
DA:620,0
DA:621,0
DA:622,0
DA:623,0
DA:624,0
DA:625,0
DA:626,0
DA:627,0
DA:628,0
DA:629,0
DA:630,0
DA:631,0
DA:632,0
DA:633,0
DA:634,0
DA:635,0
DA:636,0
DA:637,0
DA:638,0
DA:639,0
DA:640,0
DA:641,0
DA:642,0
DA:643,0
DA:645,0
DA:646,0
DA:648,0
DA:649,0
DA:650,0
DA:651,0
DA:652,0
DA:653,0
DA:654,0
DA:656,0
DA:658,2
DA:659,2
DA:660,2
DA:661,2
DA:662,2
DA:663,2
DA:664,2
DA:665,2
DA:667,2
DA:668,2
DA:669,2
DA:673,40
DA:674,4
DA:676,4
DA:677,4
DA:678,4
DA:679,4
DA:680,4
DA:681,4
DA:682,4
DA:683,4
DA:684,4
DA:685,4
DA:686,4
DA:687,4
DA:689,4
DA:690,4
DA:691,4
DA:692,4
DA:693,4
DA:694,4
DA:695,4
DA:696,1
DA:697,1
DA:698,1
DA:699,1
DA:701,4
DA:702,4
DA:703,0
DA:704,4
DA:705,4
DA:706,4
DA:707,4
DA:708,4
DA:709,4
DA:710,4
DA:711,4
DA:712,4
DA:713,4
DA:715,4
DA:716,4
DA:717,4
DA:718,4
DA:719,4
DA:720,0
DA:721,0
DA:722,0
DA:723,0
DA:725,4
DA:726,4
DA:727,0
DA:728,4
DA:729,4
DA:730,4
DA:731,4
DA:732,4
DA:733,4
DA:734,4
DA:735,4
DA:736,4
DA:737,4
DA:739,4
DA:740,4
DA:741,4
DA:742,4
DA:743,0
DA:744,0
DA:745,0
DA:746,0
DA:748,4
DA:749,4
DA:750,0
DA:751,4
DA:752,4
DA:753,4
DA:754,4
DA:755,4
DA:756,4
DA:757,4
DA:758,4
DA:759,4
DA:761,4
DA:763,4
DA:764,4
DA:765,4
DA:768,4
DA:769,4
DA:770,0
DA:771,4
DA:772,4
DA:773,4
DA:774,4
DA:775,4
DA:776,4
DA:777,4
DA:778,4
DA:779,4
DA:780,4
DA:781,4
DA:783,4
DA:784,4
DA:785,4
DA:786,4
DA:787,4
DA:788,4
DA:789,4
DA:790,4
DA:791,4
DA:792,4
DA:793,4
DA:794,4
DA:795,4
DA:797,4
DA:798,4
DA:799,4
DA:800,4
DA:801,4
DA:802,4
DA:803,4
DA:804,4
DA:805,4
DA:806,0
DA:807,4
DA:808,4
DA:810,4
DA:811,0
DA:812,4
DA:813,4
DA:814,4
DA:816,4
DA:817,4
DA:820,4
DA:821,4
DA:822,4
DA:823,4
DA:824,4
DA:825,4
DA:826,4
DA:827,4
DA:828,4
DA:829,4
DA:830,4
DA:831,0
DA:832,4
DA:833,4
DA:835,4
DA:836,4
DA:837,4
DA:838,4
DA:839,4
DA:840,4
DA:841,4
DA:842,4
DA:843,4
DA:844,4
DA:845,4
DA:846,4
DA:847,4
DA:848,4
DA:849,4
DA:850,4
DA:851,0
DA:852,0
DA:853,0
DA:854,0
DA:855,0
DA:857,4
DA:858,4
DA:859,4
DA:860,4
DA:861,4
DA:862,4
DA:863,4
DA:864,4
DA:865,4
DA:866,4
DA:867,4
DA:869,0
DA:870,0
DA:871,0
DA:872,0
DA:873,0
DA:874,0
DA:875,0
DA:876,0
DA:878,4
DA:879,4
DA:880,4
DA:884,40
DA:885,2
DA:886,2
DA:887,1
DA:888,1
DA:889,1
DA:890,1
DA:891,1
DA:892,2
DA:893,2
DA:894,2
DA:895,2
DA:896,2
DA:897,2
DA:898,2
DA:899,2
DA:900,0
DA:901,2
DA:902,2
DA:903,2
DA:904,2
DA:905,2
DA:906,2
DA:907,2
DA:908,2
DA:909,2
DA:910,2
DA:911,2
DA:912,2
DA:913,2
DA:914,2
DA:915,2
DA:916,2
DA:917,2
DA:918,2
DA:919,2
DA:920,2
DA:921,2
DA:922,2
DA:923,2
DA:925,2
DA:926,0
DA:927,0
DA:928,0
DA:929,0
DA:930,0
DA:931,0
DA:932,0
DA:933,0
DA:934,0
DA:935,0
DA:936,0
DA:937,0
DA:938,0
DA:939,0
DA:940,0
DA:941,0
DA:942,0
DA:943,0
DA:944,0
DA:945,0
DA:946,0
DA:947,0
DA:948,0
DA:950,0
DA:952,2
DA:953,2
DA:954,1
DA:955,1
DA:957,1
DA:958,1
DA:959,1
DA:960,1
DA:961,1
DA:962,1
DA:963,1
DA:964,1
DA:966,2
DA:968,40
DA:970,53
DA:973,53
DA:974,53
DA:975,53
DA:976,53
DA:977,53
DA:978,53
DA:979,53
DA:980,53
DA:981,53
DA:982,53
DA:984,53
DA:985,53
DA:986,50
DA:987,50
DA:988,0
DA:989,0
DA:990,0
DA:991,0
DA:992,50
DA:993,50
DA:994,4
DA:995,46
DA:996,50
DA:998,50
DA:1000,50
DA:1003,53
DA:1004,53
DA:1005,53
DA:1006,53
DA:1007,4
DA:1008,49
DA:1009,53
DA:1010,53
DA:1012,53
DA:1013,53
DA:1014,53
DA:1015,53
DA:1016,53
DA:1017,53
DA:1019,53
DA:1021,1
LF:793
LH:612
BRDA:47,0,0,53
BRDA:285,1,0,52
BRDA:285,2,0,1
BRDA:285,3,0,0
BRDA:285,4,0,1
BRDA:286,5,0,0
BRDA:288,6,0,0
BRDA:293,7,0,4
BRDA:293,8,0,49
BRDA:298,9,0,4
BRDA:298,10,0,49
BRDA:302,11,0,4
BRDA:302,12,0,49
BRDA:323,13,0,0
BRDA:334,14,0,35
BRDA:344,15,0,4
BRDA:363,16,0,4
BRDA:376,17,0,4
BRDA:376,18,0,49
BRDA:386,19,0,4
BRDA:386,20,0,49
BRDA:418,21,0,13
BRDA:421,22,0,40
BRDA:425,23,0,32
BRDA:427,24,0,9
BRDA:430,25,0,0
BRDA:433,26,0,0
BRDA:442,27,0,4
BRDA:442,28,0,28
BRDA:445,29,0,4
BRDA:445,30,0,28
BRDA:451,31,0,4
BRDA:451,32,0,28
BRDA:453,33,0,17
BRDA:458,34,0,4
BRDA:458,35,0,28
BRDA:461,36,0,4
BRDA:461,37,0,28
BRDA:467,38,0,4
BRDA:467,39,0,28
BRDA:473,40,0,0
BRDA:489,41,0,15
BRDA:491,42,0,0
BRDA:498,43,0,0
BRDA:505,44,0,0
BRDA:521,45,0,15
BRDA:521,46,0,9
BRDA:524,47,0,0
BRDA:571,48,0,2
BRDA:575,49,0,0
BRDA:582,50,0,0
BRDA:602,51,0,0
BRDA:659,52,0,0
BRDA:662,53,0,0
BRDA:673,54,0,4
BRDA:677,55,0,0
BRDA:680,56,0,0
BRDA:686,57,0,0
BRDA:702,58,0,0
BRDA:712,59,0,0
BRDA:726,60,0,0
BRDA:736,61,0,0
BRDA:749,62,0,0
BRDA:769,63,0,0
BRDA:776,64,0,0
BRDA:780,65,0,0
BRDA:785,66,0,0
BRDA:794,67,0,0
BRDA:799,68,0,0
BRDA:805,69,0,0
BRDA:807,70,0,0
BRDA:810,71,0,0
BRDA:822,72,0,0
BRDA:867,73,0,0
BRDA:884,74,0,2
BRDA:886,75,0,1
BRDA:889,76,0,0
BRDA:955,77,0,1
BRDA:958,78,0,0
BRDA:961,79,0,0
BRDA:974,80,0,4
BRDA:974,81,0,49
BRDA:978,82,0,4
BRDA:978,83,0,49
BRDA:985,84,0,50
BRDA:993,85,0,4
BRDA:994,86,0,46
BRDA:1006,87,0,4
BRDA:1007,88,0,49
BRDA:67,89,0,15
BRDA:74,90,0,15
BRDA:81,91,0,15
BRDA:82,92,0,1
BRDA:82,93,0,14
BRDA:105,94,0,14
BRDA:105,95,0,56
BRDA:114,96,0,17
BRDA:123,97,0,16
BRDA:123,98,0,0
BRDA:125,99,0,15
BRDA:136,100,0,2
BRDA:133,101,0,15
BRDA:149,102,0,1
BRDA:151,103,0,0
BRDA:157,104,0,0
BRDA:189,105,0,1
BRDA:194,106,0,0
BRDA:229,107,0,2
BRDA:234,108,0,0
BRDA:236,109,0,0
BRDA:247,110,0,53
BRDA:254,111,0,30
BRDA:263,112,0,53
BRDA:271,113,0,4
BRDA:280,114,0,87
BRDA:281,115,0,76
BRDA:281,116,0,11
BRDA:347,117,0,1
BRDA:365,118,0,1
BRDA:388,119,0,212
BRDA:393,120,0,53
BRDA:394,121,0,4
BRDA:395,122,0,49
BRDA:396,123,0,159
BRDA:397,124,0,12
BRDA:398,125,0,147
BRDA:402,126,0,53
BRDA:403,127,0,53
BRDA:404,128,0,53
BRDA:405,129,0,53
BRDA:407,130,0,53
BRDA:407,131,0,0
BRDA:391,132,0,6
BRDA:527,133,0,9
BRDA:531,134,0,0
BRDA:540,135,0,0
BRDA:545,136,0,0
BRDA:554,137,0,0
BRDA:579,138,0,1
BRDA:695,139,0,1
BRDA:826,140,0,4
BRDA:830,141,0,0
BRDA:837,142,0,0
BRDA:841,143,0,0
BRDA:846,144,0,0
BRDA:850,145,0,0
BRDA:861,146,0,0
BRDA:891,147,0,2
BRDA:899,148,0,0
BRDA:906,149,0,0
BRDA:911,150,0,0
BRDA:913,151,0,0
BRDA:920,152,0,0
BRDA:925,153,0,0
BRF:154
BRH:93
end_of_record
TN:
SF:src\components\TaskDurationPredictor.jsx
FN:37,fetchPrediction
FNF:1
FNH:1
FNDA:4,fetchPrediction
DA:10,1
DA:11,1
DA:12,1
DA:27,1
DA:28,14
DA:29,14
DA:30,14
DA:37,14
DA:38,4
DA:39,0
DA:40,0
DA:41,0
DA:43,4
DA:44,4
DA:46,4
DA:48,4
DA:51,4
DA:52,4
DA:53,4
DA:54,4
DA:55,4
DA:56,4
DA:58,3
DA:59,4
DA:60,3
DA:61,3
DA:62,4
DA:63,1
DA:64,4
DA:65,4
DA:66,4
DA:67,4
DA:69,14
DA:70,1
DA:71,1
DA:72,1
DA:73,0
DA:74,1
DA:75,1
DA:76,1
DA:77,1
DA:78,1
DA:79,1
DA:80,1
DA:82,1
DA:83,1
DA:85,1
DA:87,13
DA:88,13
DA:89,13
DA:90,1
DA:91,12
DA:92,14
DA:93,14
DA:94,14
DA:95,14
DA:96,14
DA:97,14
DA:98,14
DA:100,14
DA:101,6
DA:102,6
DA:103,6
DA:104,6
DA:106,6
DA:108,6
DA:111,14
DA:112,4
DA:113,4
DA:114,4
DA:116,4
DA:117,4
DA:120,14
DA:121,1
DA:122,1
DA:123,0
DA:124,1
DA:125,1
DA:126,1
DA:127,1
DA:128,1
DA:129,1
DA:130,1
DA:131,1
DA:134,14
DA:135,3
DA:137,3
DA:138,3
DA:139,0
DA:140,3
DA:141,3
DA:142,3
DA:143,3
DA:144,3
DA:145,3
DA:146,3
DA:147,3
DA:148,3
DA:149,3
DA:150,3
DA:151,3
DA:152,3
DA:155,3
DA:156,3
DA:157,0
DA:158,3
DA:159,3
DA:160,3
DA:161,3
DA:162,3
DA:163,3
DA:164,3
DA:165,3
DA:166,3
DA:167,3
DA:168,3
DA:169,3
DA:170,3
DA:171,3
DA:172,3
DA:173,3
DA:174,3
DA:175,0
DA:176,3
DA:177,3
DA:178,3
DA:179,3
DA:180,3
DA:181,3
DA:182,3
DA:183,3
DA:184,3
DA:185,3
DA:186,3
DA:187,3
DA:188,3
DA:189,3
DA:190,3
DA:191,3
DA:194,3
DA:195,3
DA:196,3
DA:197,3
DA:198,3
DA:199,3
DA:200,3
DA:201,3
DA:204,3
DA:205,3
DA:206,0
DA:207,3
DA:208,3
DA:209,3
DA:210,3
DA:211,3
DA:212,0
DA:213,3
DA:214,0
DA:215,3
DA:216,3
DA:217,3
DA:220,3
DA:221,3
DA:222,3
DA:223,3
DA:224,3
DA:225,0
DA:226,3
DA:227,3
DA:228,3
DA:230,3
DA:231,3
DA:233,14
DA:235,14
DA:237,1
DA:239,1
LF:176
LH:164
BRDA:27,0,0,14
BRDA:69,1,0,1
BRDA:72,2,0,0
BRDA:77,3,0,0
BRDA:78,4,0,0
BRDA:80,5,0,0
BRDA:85,6,0,13
BRDA:89,7,0,1
BRDA:90,8,0,12
BRDA:97,9,0,1
BRDA:97,10,0,12
BRDA:100,11,0,9
BRDA:100,12,0,6
BRDA:111,13,0,4
BRDA:113,14,0,0
BRDA:114,15,0,0
BRDA:120,16,0,1
BRDA:122,17,0,0
BRDA:134,18,0,4
BRDA:134,19,0,3
BRDA:138,20,0,0
BRDA:143,21,0,0
BRDA:144,22,0,0
BRDA:147,23,0,0
BRDA:148,24,0,0
BRDA:150,25,0,0
BRDA:156,26,0,0
BRDA:161,27,0,0
BRDA:162,28,0,0
BRDA:165,29,0,0
BRDA:166,30,0,0
BRDA:169,31,0,0
BRDA:174,32,0,0
BRDA:187,33,0,0
BRDA:188,34,0,0
BRDA:195,35,0,0
BRDA:197,36,0,0
BRDA:199,37,0,0
BRDA:205,38,0,0
BRDA:209,39,0,0
BRDA:211,40,0,0
BRDA:213,41,0,0
BRDA:224,42,0,0
BRDA:37,43,0,4
BRDA:38,44,0,0
BRDA:54,45,0,0
BRDA:55,46,0,0
BRDA:56,47,0,3
BRDA:59,48,0,3
BRDA:59,49,0,3
BRDA:60,50,0,1
BRDA:62,51,0,1
BRDA:63,52,0,0
BRF:53
BRH:19
end_of_record
TN:
SF:src\components\TaskSkillsExtractor.jsx
FN:24,TaskSkillsExtractor
FN:46,handleOpenExtractor
FN:71,handleExtractSkills
FN:113,handleAddSelected
FN:138,toggleSkillSelection
FN:185,onClick
FN:212,onChange
FN:299,onChange
FN:359,onClick
FNF:9
FNH:7
FNDA:22,TaskSkillsExtractor
FNDA:2,handleOpenExtractor
FNDA:2,handleExtractSkills
FNDA:1,handleAddSelected
FNDA:2,toggleSkillSelection
FNDA:0,onClick
FNDA:1,onChange
FNDA:2,onChange
FNDA:0,onClick
DA:9,1
DA:10,1
DA:11,1
DA:24,1
DA:25,22
DA:26,22
DA:27,22
DA:28,22
DA:29,22
DA:30,22
DA:31,22
DA:32,22
DA:33,22
DA:34,22
DA:35,22
DA:38,22
DA:46,22
DA:47,2
DA:48,2
DA:49,2
DA:50,2
DA:53,2
DA:54,2
DA:55,2
DA:56,2
DA:57,2
DA:58,2
DA:61,22
DA:62,7
DA:63,5
DA:64,5
DA:65,22
DA:71,22
DA:72,2
DA:73,0
DA:74,0
DA:75,0
DA:77,2
DA:78,2
DA:80,2
DA:81,2
DA:82,2
DA:83,2
DA:84,2
DA:85,2
DA:87,2
DA:90,2
DA:91,0
DA:92,0
DA:93,0
DA:94,0
DA:95,0
DA:97,1
DA:98,1
DA:99,1
DA:101,1
DA:102,1
DA:103,1
DA:104,2
DA:105,2
DA:106,2
DA:107,2
DA:113,22
DA:114,1
DA:115,0
DA:116,0
DA:117,0
DA:119,1
DA:120,1
DA:121,1
DA:123,1
DA:126,1
DA:127,1
DA:128,1
DA:129,1
DA:130,1
DA:131,1
DA:132,1
DA:138,22
DA:139,2
DA:140,2
DA:141,0
DA:142,2
DA:143,2
DA:144,2
DA:145,2
DA:146,2
DA:148,22
DA:149,22
DA:151,22
DA:152,13
DA:153,13
DA:154,13
DA:155,13
DA:156,13
DA:157,9
DA:158,4
DA:159,13
DA:161,13
DA:162,13
DA:163,13
DA:167,22
DA:168,9
DA:169,9
DA:170,0
DA:171,9
DA:172,9
DA:174,9
DA:175,9
DA:176,9
DA:177,9
DA:178,9
DA:179,9
DA:181,9
DA:182,9
DA:183,9
DA:184,9
DA:185,9
DA:186,0
DA:187,0
DA:188,0
DA:189,0
DA:190,0
DA:191,0
DA:192,9
DA:193,9
DA:194,9
DA:196,9
DA:197,9
DA:198,9
DA:201,9
DA:202,9
DA:203,0
DA:204,9
DA:205,9
DA:206,9
DA:207,9
DA:210,9
DA:211,9
DA:212,9
DA:213,1
DA:214,1
DA:215,1
DA:216,9
DA:217,9
DA:218,9
DA:219,0
DA:220,9
DA:221,9
DA:222,9
DA:223,9
DA:224,9
DA:227,9
DA:228,9
DA:229,9
DA:230,9
DA:231,9
DA:232,9
DA:233,0
DA:234,9
DA:235,9
DA:237,9
DA:238,2
DA:239,2
DA:241,2
DA:243,7
DA:244,7
DA:246,7
DA:248,9
DA:251,9
DA:252,1
DA:253,1
DA:254,0
DA:255,1
DA:256,1
DA:257,1
DA:258,1
DA:259,1
DA:260,1
DA:261,1
DA:262,1
DA:266,9
DA:267,3
DA:268,3
DA:269,3
DA:270,3
DA:271,3
DA:272,3
DA:273,3
DA:274,3
DA:275,3
DA:276,3
DA:277,3
DA:278,3
DA:279,3
DA:282,3
DA:283,3
DA:284,6
DA:285,6
DA:286,6
DA:287,6
DA:288,3
DA:289,0
DA:290,3
DA:291,3
DA:292,0
DA:293,3
DA:294,6
DA:296,6
DA:297,6
DA:298,6
DA:299,6
DA:300,6
DA:301,6
DA:303,6
DA:304,6
DA:305,6
DA:306,6
DA:307,6
DA:308,6
DA:309,6
DA:310,6
DA:311,6
DA:312,6
DA:313,6
DA:314,6
DA:315,6
DA:316,6
DA:317,3
DA:318,0
DA:319,6
DA:320,6
DA:321,6
DA:322,6
DA:323,6
DA:324,6
DA:325,3
DA:326,0
DA:327,6
DA:328,6
DA:329,6
DA:330,6
DA:331,6
DA:332,6
DA:333,6
DA:334,6
DA:335,6
DA:336,6
DA:337,6
DA:338,6
DA:339,3
DA:340,3
DA:343,3
DA:344,3
DA:345,3
DA:346,3
DA:347,3
DA:348,3
DA:349,3
DA:350,0
DA:351,3
DA:352,3
DA:354,3
DA:355,3
DA:356,3
DA:357,3
DA:358,3
DA:359,3
DA:360,0
DA:361,0
DA:362,0
DA:363,0
DA:364,0
DA:365,0
DA:366,0
DA:367,3
DA:368,3
DA:369,0
DA:370,3
DA:371,3
DA:372,3
DA:374,3
DA:375,3
DA:376,3
DA:378,9
DA:380,22
DA:382,22
DA:384,1
LF:288
LH:252
BRDA:24,0,0,22
BRDA:151,1,0,13
BRDA:156,2,0,9
BRDA:157,3,0,4
BRDA:167,4,0,9
BRDA:169,5,0,0
BRDA:179,6,0,0
BRDA:193,7,0,0
BRDA:202,8,0,0
BRDA:218,9,0,0
BRDA:230,10,0,7
BRDA:232,11,0,0
BRDA:237,12,0,2
BRDA:241,13,0,7
BRDA:251,14,0,1
BRDA:253,15,0,0
BRDA:259,16,0,0
BRDA:266,17,0,3
BRDA:266,18,0,3
BRDA:266,19,0,3
BRDA:270,20,0,0
BRDA:272,21,0,0
BRDA:275,22,0,0
BRDA:349,23,0,0
BRDA:368,24,0,0
BRDA:46,25,0,2
BRDA:54,26,0,1
BRDA:54,27,0,1
BRDA:61,28,0,7
BRDA:62,29,0,5
BRDA:71,30,0,2
BRDA:72,31,0,0
BRDA:85,32,0,1
BRDA:87,33,0,0
BRDA:90,34,0,0
BRDA:95,35,0,1
BRDA:113,36,0,1
BRDA:114,37,0,0
BRDA:120,38,0,2
BRDA:121,39,0,2
BRDA:138,40,0,2
BRDA:140,41,0,0
BRDA:212,42,0,1
BRDA:283,43,0,6
BRDA:287,44,0,3
BRDA:288,45,0,0
BRDA:290,46,0,3
BRDA:291,47,0,0
BRDA:306,48,0,0
BRDA:312,49,0,0
BRDA:316,50,0,3
BRDA:316,51,0,3
BRDA:317,52,0,0
BRDA:324,53,0,3
BRDA:324,54,0,3
BRDA:325,55,0,0
BRDA:333,56,0,0
BRDA:299,57,0,2
BRF:58
BRH:33
end_of_record
TN:
SF:src\components\WorkloadHeatmap.jsx
FN:26,WorkloadHeatmap
FN:47,getColor
FN:69,getValue
FN:96,onChange
FNF:4
FNH:4
FNDA:14,WorkloadHeatmap
FNDA:15,getColor
FNDA:15,getValue
FNDA:3,onChange
DA:9,1
DA:10,1
DA:11,1
DA:26,1
DA:27,14
DA:28,14
DA:31,14
DA:32,15
DA:33,15
DA:34,15
DA:35,15
DA:36,14
DA:47,14
DA:48,15
DA:49,9
DA:50,9
DA:51,9
DA:52,9
DA:53,9
DA:54,9
DA:56,15
DA:57,15
DA:58,15
DA:59,15
DA:60,15
DA:61,15
DA:69,14
DA:70,15
DA:71,15
DA:72,9
DA:73,15
DA:74,3
DA:75,15
DA:76,3
DA:77,15
DA:78,0
DA:79,15
DA:80,15
DA:82,14
DA:83,14
DA:84,14
DA:85,14
DA:86,14
DA:88,14
DA:89,14
DA:90,14
DA:91,14
DA:92,14
DA:94,14
DA:95,14
DA:96,14
DA:97,14
DA:98,14
DA:99,11
DA:100,0
DA:101,14
DA:103,14
DA:104,14
DA:105,14
DA:106,14
DA:107,14
DA:109,14
DA:110,14
DA:111,10
DA:112,10
DA:113,10
DA:114,10
DA:115,10
DA:117,10
DA:118,10
DA:119,10
DA:121,10
DA:122,10
DA:123,10
DA:124,10
DA:125,10
DA:127,10
DA:128,15
DA:129,15
DA:131,15
DA:132,15
DA:133,15
DA:134,15
DA:135,15
DA:136,15
DA:137,15
DA:139,15
DA:140,15
DA:141,15
DA:142,15
DA:143,15
DA:144,15
DA:145,15
DA:148,15
DA:149,15
DA:151,15
DA:152,15
DA:153,15
DA:154,15
DA:155,0
DA:156,15
DA:158,15
DA:159,15
DA:160,15
DA:161,15
DA:162,15
DA:163,15
DA:164,15
DA:166,10
DA:167,10
DA:168,10
DA:169,14
DA:170,14
DA:173,14
DA:174,14
DA:175,14
DA:176,14
DA:178,14
DA:179,14
DA:180,14
DA:181,14
DA:182,14
DA:183,14
DA:185,14
DA:186,14
DA:187,14
DA:188,14
DA:189,14
DA:190,14
DA:191,14
DA:192,14
DA:193,55
DA:194,55
DA:195,55
DA:196,55
DA:197,55
DA:198,55
DA:200,55
DA:201,55
DA:202,55
DA:203,14
DA:204,14
DA:205,14
DA:206,14
DA:208,14
DA:210,1
LF:146
LH:143
BRDA:26,0,0,14
BRDA:85,1,0,11
BRDA:85,2,0,0
BRDA:98,3,0,11
BRDA:99,4,0,0
BRDA:175,5,0,11
BRDA:175,6,0,0
BRDA:181,7,0,11
BRDA:181,8,0,0
BRDA:31,9,0,15
BRDA:32,10,0,5
BRDA:33,11,0,10
BRDA:47,12,0,15
BRDA:48,13,0,9
BRDA:49,14,0,3
BRDA:49,15,0,0
BRDA:49,16,0,6
BRDA:50,17,0,0
BRDA:50,18,0,6
BRDA:51,19,0,0
BRDA:51,20,0,6
BRDA:52,21,0,3
BRDA:52,22,0,0
BRDA:53,23,0,0
BRDA:54,24,0,6
BRDA:56,25,0,2
BRDA:56,26,0,0
BRDA:56,27,0,4
BRDA:57,28,0,1
BRDA:57,29,0,0
BRDA:57,30,0,3
BRDA:58,31,0,1
BRDA:58,32,0,0
BRDA:58,33,0,2
BRDA:59,34,0,1
BRDA:59,35,0,0
BRDA:60,36,0,0
BRDA:69,37,0,15
BRDA:71,38,0,9
BRDA:73,39,0,3
BRDA:75,40,0,3
BRDA:77,41,0,0
BRDA:96,42,0,3
BRDA:110,43,0,10
BRDA:114,44,0,0
BRDA:127,45,0,15
BRDA:136,46,0,9
BRDA:136,47,0,6
BRDA:144,48,0,9
BRDA:144,49,0,6
BRDA:154,50,0,0
BRDA:192,51,0,55
BRDA:197,52,0,0
BRF:53
BRH:35
end_of_record
TN:
SF:src\contexts\AuthContext.jsx
FN:19,AuthProvider
FN:27,initAuth
FN:63,login
FN:75,logout
FN:97,updateUser
FN:127,useAuth
FNF:6
FNH:6
FNDA:114,AuthProvider
FNDA:50,initAuth
FNDA:1,login
FNDA:1,logout
FNDA:1,updateUser
FNDA:144,useAuth
DA:7,1
DA:9,1
DA:19,1
DA:20,114
DA:21,114
DA:22,114
DA:24,114
DA:26,114
DA:27,50
DA:28,50
DA:29,50
DA:31,50
DA:32,50
DA:33,50
DA:35,50
DA:36,47
DA:37,47
DA:38,47
DA:40,47
DA:41,50
DA:42,3
DA:43,3
DA:44,50
DA:46,0
DA:47,0
DA:48,50
DA:49,50
DA:50,50
DA:51,50
DA:52,50
DA:54,50
DA:55,114
DA:63,114
DA:64,1
DA:65,1
DA:66,1
DA:67,1
DA:68,1
DA:69,1
DA:70,1
DA:75,114
DA:76,1
DA:77,1
DA:78,0
DA:79,0
DA:80,1
DA:81,0
DA:82,0
DA:84,1
DA:85,1
DA:86,1
DA:87,1
DA:88,1
DA:89,1
DA:97,114
DA:98,1
DA:99,1
DA:100,1
DA:101,1
DA:103,114
DA:104,114
DA:105,114
DA:106,114
DA:107,114
DA:108,114
DA:109,114
DA:110,114
DA:111,114
DA:112,114
DA:113,114
DA:115,114
DA:116,114
DA:118,114
DA:127,1
DA:128,144
DA:129,144
DA:130,141
DA:131,141
LF:78
LH:72
BRDA:19,0,0,114
BRDA:26,1,0,50
BRDA:27,2,0,50
BRDA:35,3,0,47
BRDA:35,4,0,47
BRDA:41,5,0,3
BRDA:44,6,0,0
BRDA:63,7,0,1
BRDA:75,8,0,1
BRDA:77,9,0,0
BRDA:80,10,0,0
BRDA:97,11,0,1
BRDA:127,12,0,144
BRDA:129,13,0,0
BRDA:129,14,0,141
BRF:15
BRH:11
end_of_record
TN:
SF:src\contexts\ThemeContext.jsx
FN:19,ThemeProvider
FN:42,toggleDarkMode
FN:60,useTheme
FNF:3
FNH:3
FNDA:61,ThemeProvider
FNDA:1,toggleDarkMode
FNDA:147,useTheme
DA:7,1
DA:9,1
DA:19,1
DA:20,61
DA:21,59
DA:23,59
DA:24,61
DA:26,61
DA:28,50
DA:30,50
DA:31,49
DA:32,49
DA:33,49
DA:34,1
DA:35,1
DA:36,1
DA:37,61
DA:42,61
DA:43,1
DA:44,1
DA:46,61
DA:47,61
DA:48,61
DA:49,61
DA:51,61
DA:60,1
DA:61,147
DA:62,147
DA:63,147
DA:64,147
LF:30
LH:30
BRDA:19,0,0,61
BRDA:20,1,0,59
BRDA:23,2,0,54
BRDA:23,3,0,5
BRDA:26,4,0,50
BRDA:30,5,0,49
BRDA:33,6,0,1
BRDA:42,7,0,1
BRDA:43,8,0,1
BRDA:60,9,0,147
BRDA:62,10,0,0
BRF:11
BRH:10
end_of_record
TN:
SF:src\contexts\WebSocketProvider.jsx
FN:41,subscribe
FN:42,send
FN:43,reconnect
FN:46,WebSocketProvider
FN:151,webSocketFactory
FN:156,debug
FN:158,onConnect
FN:292,onStompError
FN:297,onDisconnect
FN:304,onWebSocketClose
FN:411,useWebSocket
FNF:11
FNH:6
FNDA:0,subscribe
FNDA:0,send
FNDA:0,reconnect
FNDA:13,WebSocketProvider
FNDA:0,webSocketFactory
FNDA:0,debug
FNDA:2,onConnect
FNDA:1,onStompError
FNDA:1,onDisconnect
FNDA:1,onWebSocketClose
FNDA:62,useWebSocket
DA:8,1
DA:9,1
DA:10,1
DA:11,1
DA:19,1
DA:20,1
DA:21,1
DA:22,1
DA:23,1
DA:24,1
DA:25,1
DA:26,1
DA:27,1
DA:28,1
DA:29,1
DA:30,1
DA:31,1
DA:32,1
DA:33,1
DA:34,1
DA:35,1
DA:36,1
DA:38,1
DA:39,1
DA:40,1
DA:41,1
DA:42,1
DA:43,1
DA:44,1
DA:46,1
DA:47,13
DA:49,13
DA:50,13
DA:51,13
DA:52,13
DA:53,13
DA:54,13
DA:55,13
DA:57,13
DA:58,13
DA:59,13
DA:60,13
DA:62,13
DA:63,13
DA:71,13
DA:72,20
DA:73,20
DA:75,0
DA:76,0
DA:77,0
DA:78,0
DA:79,0
DA:80,0
DA:81,0
DA:82,13
DA:92,13
DA:93,1
DA:95,1
DA:96,1
DA:97,1
DA:99,1
DA:100,1
DA:102,1
DA:103,1
DA:104,1
DA:105,1
DA:106,1
DA:107,1
DA:108,1
DA:109,1
DA:110,13
DA:119,13
DA:120,2
DA:121,0
DA:122,0
DA:123,0
DA:124,0
DA:125,0
DA:126,13
DA:128,13
DA:129,7
DA:130,7
DA:131,13
DA:138,13
DA:139,4
DA:140,1
DA:141,1
DA:143,4
DA:144,0
DA:145,0
DA:147,3
DA:148,3
DA:150,3
DA:151,3
DA:152,3
DA:153,3
DA:154,3
DA:155,3
DA:156,3
DA:158,3
DA:159,2
DA:161,2
DA:162,2
DA:164,2
DA:167,2
DA:168,2
DA:169,1
DA:170,1
DA:171,1
DA:172,1
DA:173,1
DA:174,0
DA:175,0
DA:176,2
DA:177,2
DA:180,2
DA:181,2
DA:182,1
DA:183,1
DA:184,1
DA:185,1
DA:186,1
DA:187,1
DA:188,1
DA:189,1
DA:190,0
DA:191,0
DA:192,2
DA:193,2
DA:195,2
DA:196,2
DA:197,1
DA:198,1
DA:199,1
DA:200,1
DA:201,1
DA:202,0
DA:203,0
DA:204,2
DA:205,2
DA:208,2
DA:209,2
DA:210,1
DA:211,1
DA:212,1
DA:214,1
DA:216,1
DA:217,0
DA:218,0
DA:219,2
DA:221,2
DA:223,2
DA:224,2
DA:225,1
DA:226,1
DA:227,1
DA:228,1
DA:229,1
DA:230,0
DA:231,0
DA:232,2
DA:233,2
DA:236,2
DA:237,2
DA:238,4
DA:239,4
DA:240,4
DA:242,4
DA:243,1
DA:244,4
DA:245,1
DA:246,3
DA:247,1
DA:248,1
DA:249,1
DA:250,1
DA:251,4
DA:252,0
DA:253,0
DA:254,2
DA:255,2
DA:258,2
DA:259,2
DA:260,2
DA:261,2
DA:262,2
DA:264,2
DA:265,1
DA:266,1
DA:267,1
DA:268,1
DA:269,2
DA:270,0
DA:271,0
DA:272,2
DA:273,2
DA:276,2
DA:277,2
DA:278,1
DA:279,1
DA:280,1
DA:281,1
DA:282,1
DA:283,0
DA:284,0
DA:285,2
DA:286,2
DA:289,2
DA:290,2
DA:292,3
DA:293,1
DA:294,1
DA:295,1
DA:297,3
DA:298,1
DA:299,1
DA:300,1
DA:301,1
DA:302,1
DA:304,3
DA:305,1
DA:306,1
DA:307,1
DA:308,3
DA:310,3
DA:311,3
DA:312,13
DA:318,13
DA:319,3
DA:321,3
DA:322,0
DA:323,0
DA:325,3
DA:326,3
DA:328,3
DA:329,2
DA:330,2
DA:332,3
DA:333,0
DA:334,0
DA:335,0
DA:336,3
DA:337,13
DA:343,13
DA:344,2
DA:345,0
DA:346,0
DA:347,2
DA:348,2
DA:349,2
DA:350,13
DA:352,13
DA:353,8
DA:354,8
DA:355,8
DA:356,8
DA:357,1
DA:358,1
DA:359,8
DA:360,1
DA:361,8
DA:362,1
DA:363,1
DA:364,1
DA:365,1
DA:366,8
DA:367,13
DA:369,13
DA:370,9
DA:372,9
DA:373,3
DA:374,0
DA:375,0
DA:376,0
DA:377,0
DA:378,0
DA:379,3
DA:380,3
DA:382,3
DA:383,2
DA:384,2
DA:385,2
DA:386,3
DA:388,3
DA:389,13
DA:391,13
DA:392,13
DA:393,13
DA:394,13
DA:395,13
DA:396,13
DA:397,13
DA:398,13
DA:399,13
DA:400,13
DA:402,13
DA:411,1
DA:412,62
DA:413,62
DA:414,0
DA:415,0
DA:416,62
DA:417,62
LF:303
LH:259
BRDA:46,0,0,13
BRDA:71,1,0,20
BRDA:73,2,0,0
BRDA:73,3,0,0
BRDA:92,4,0,1
BRDA:102,5,0,1
BRDA:119,6,0,2
BRDA:120,7,0,0
BRDA:120,8,0,0
BRDA:128,9,0,7
BRDA:138,10,0,4
BRDA:139,11,0,3
BRDA:139,12,0,1
BRDA:141,13,0,3
BRDA:143,14,0,0
BRDA:143,15,0,0
BRDA:145,16,0,3
BRDA:158,17,0,2
BRDA:159,18,0,0
BRDA:168,19,0,1
BRDA:169,20,0,0
BRDA:173,21,0,0
BRDA:181,22,0,1
BRDA:182,23,0,0
BRDA:189,24,0,0
BRDA:196,25,0,1
BRDA:197,26,0,0
BRDA:201,27,0,0
BRDA:209,28,0,1
BRDA:210,29,0,0
BRDA:216,30,0,0
BRDA:224,31,0,1
BRDA:225,32,0,0
BRDA:229,33,0,0
BRDA:237,34,0,4
BRDA:238,35,0,0
BRDA:242,36,0,3
BRDA:242,37,0,1
BRDA:244,38,0,3
BRDA:244,39,0,1
BRDA:246,40,0,2
BRDA:246,41,0,1
BRDA:251,42,0,0
BRDA:259,43,0,2
BRDA:260,44,0,0
BRDA:264,45,0,1
BRDA:269,46,0,0
BRDA:277,47,0,1
BRDA:278,48,0,0
BRDA:282,49,0,0
BRDA:292,50,0,1
BRDA:297,51,0,1
BRDA:304,52,0,1
BRDA:318,53,0,3
BRDA:319,54,0,0
BRDA:321,55,0,0
BRDA:328,56,0,2
BRDA:343,57,0,2
BRDA:344,58,0,0
BRDA:344,59,0,0
BRDA:352,60,0,8
BRDA:354,61,0,8
BRDA:356,62,0,1
BRDA:359,63,0,3
BRDA:359,64,0,1
BRDA:360,65,0,8
BRDA:369,66,0,9
BRDA:370,67,0,8
BRDA:370,68,0,7
BRDA:370,69,0,3
BRDA:370,70,0,6
BRDA:372,71,0,3
BRDA:372,72,0,3
BRDA:373,73,0,0
BRDA:373,74,0,0
BRDA:382,75,0,2
BRDA:383,76,0,0
BRDA:388,77,0,3
BRDA:411,78,0,62
BRDA:413,79,0,0
BRF:80
BRH:49
end_of_record
TN:
SF:src\pages\AIInsightsPage.jsx
FN:25,AIInsightsPage
FN:57,fetchAIInsights
FN:117,processUpdateQueue
FN:150,queueUpdate
FN:167,handleManualRefresh
FN:228,getSeverityColor
FN:244,getSeverityIcon
FN:276,onClick
FN:423,onClick
FNF:9
FNH:7
FNDA:41,AIInsightsPage
FNDA:18,fetchAIInsights
FNDA:0,processUpdateQueue
FNDA:0,queueUpdate
FNDA:2,handleManualRefresh
FNDA:1,getSeverityColor
FNDA:1,getSeverityIcon
FNDA:2,onClick
FNDA:6,onClick
DA:6,1
DA:7,1
DA:12,1
DA:13,1
DA:14,1
DA:15,1
DA:25,1
DA:26,41
DA:27,41
DA:28,41
DA:29,41
DA:30,41
DA:31,41
DA:32,41
DA:33,41
DA:34,41
DA:35,41
DA:36,41
DA:37,41
DA:38,41
DA:39,41
DA:40,41
DA:41,41
DA:44,41
DA:45,41
DA:46,41
DA:47,41
DA:57,41
DA:58,18
DA:60,18
DA:61,4
DA:62,18
DA:63,14
DA:64,14
DA:66,18
DA:68,18
DA:69,18
DA:71,13
DA:74,13
DA:75,13
DA:76,13
DA:77,17
DA:78,13
DA:79,13
DA:82,13
DA:83,13
DA:84,13
DA:85,13
DA:86,13
DA:87,13
DA:88,13
DA:89,13
DA:91,13
DA:92,15
DA:93,18
DA:94,18
DA:95,18
DA:96,18
DA:97,18
DA:99,18
DA:100,18
DA:101,5
DA:102,18
DA:103,18
DA:104,18
DA:105,18
DA:106,18
DA:107,18
DA:117,41
DA:118,0
DA:119,0
DA:120,0
DA:122,0
DA:123,0
DA:126,0
DA:127,0
DA:129,0
DA:131,0
DA:132,0
DA:133,0
DA:134,0
DA:135,0
DA:138,0
DA:139,0
DA:140,0
DA:141,0
DA:142,0
DA:150,41
DA:151,0
DA:154,0
DA:155,0
DA:156,0
DA:157,0
DA:158,0
DA:159,0
DA:167,41
DA:169,2
DA:170,2
DA:171,2
DA:172,2
DA:177,41
DA:178,14
DA:179,41
DA:184,41
DA:185,14
DA:186,2
DA:187,2
DA:189,12
DA:191,12
DA:192,0
DA:193,12
DA:196,12
DA:197,0
DA:198,12
DA:201,12
DA:202,0
DA:203,12
DA:206,12
DA:207,0
DA:208,12
DA:211,12
DA:212,0
DA:213,12
DA:214,12
DA:216,12
DA:217,12
DA:218,12
DA:219,41
DA:228,41
DA:229,1
DA:230,1
DA:231,1
DA:232,1
DA:233,1
DA:234,1
DA:235,1
DA:244,41
DA:245,1
DA:246,1
DA:247,1
DA:248,1
DA:249,1
DA:250,1
DA:251,1
DA:253,41
DA:254,41
DA:255,41
DA:256,41
DA:257,41
DA:258,41
DA:260,41
DA:261,14
DA:262,14
DA:263,14
DA:264,14
DA:265,14
DA:267,14
DA:269,39
DA:270,5
DA:271,5
DA:272,5
DA:273,5
DA:274,5
DA:275,5
DA:276,5
DA:277,5
DA:278,5
DA:279,5
DA:280,5
DA:282,5
DA:283,5
DA:285,5
DA:287,41
DA:288,41
DA:289,41
DA:290,41
DA:292,41
DA:293,41
DA:294,41
DA:295,41
DA:296,41
DA:297,41
DA:299,41
DA:300,41
DA:302,41
DA:303,41
DA:304,41
DA:306,41
DA:307,21
DA:308,21
DA:309,21
DA:312,41
DA:313,41
DA:314,41
DA:315,41
DA:316,41
DA:317,41
DA:319,41
DA:320,0
DA:321,0
DA:322,0
DA:324,41
DA:325,41
DA:326,41
DA:327,41
DA:328,41
DA:329,41
DA:330,41
DA:331,3
DA:332,2
DA:333,1
DA:334,19
DA:335,8
DA:336,11
DA:337,41
DA:339,41
DA:340,41
DA:341,41
DA:342,41
DA:344,41
DA:345,21
DA:346,21
DA:347,21
DA:348,21
DA:349,21
DA:350,21
DA:351,21
DA:352,21
DA:353,21
DA:354,21
DA:355,21
DA:356,21
DA:358,21
DA:359,21
DA:360,21
DA:361,21
DA:362,21
DA:363,21
DA:364,21
DA:365,21
DA:366,21
DA:367,21
DA:368,21
DA:370,21
DA:371,21
DA:372,21
DA:373,21
DA:374,21
DA:375,21
DA:376,21
DA:377,21
DA:378,21
DA:379,21
DA:380,21
DA:382,21
DA:383,21
DA:384,21
DA:385,21
DA:386,21
DA:387,21
DA:388,21
DA:389,21
DA:390,21
DA:392,21
DA:393,21
DA:394,21
DA:395,21
DA:396,21
DA:397,21
DA:399,21
DA:400,21
DA:401,21
DA:403,21
DA:404,21
DA:406,21
DA:407,21
DA:408,21
DA:411,41
DA:412,41
DA:413,41
DA:414,41
DA:415,41
DA:416,41
DA:417,41
DA:418,41
DA:419,88
DA:420,88
DA:421,88
DA:422,88
DA:423,88
DA:424,88
DA:425,88
DA:426,22
DA:427,10
DA:428,12
DA:429,66
DA:430,30
DA:431,36
DA:432,88
DA:434,88
DA:435,88
DA:436,88
DA:437,2
DA:438,2
DA:439,2
DA:441,88
DA:443,41
DA:444,41
DA:446,41
DA:447,41
DA:448,13
DA:449,13
DA:450,13
DA:451,13
DA:452,4
DA:453,9
DA:454,13
DA:455,13
DA:456,13
DA:458,13
DA:459,13
DA:460,13
DA:461,13
DA:462,13
DA:463,13
DA:464,13
DA:465,13
DA:466,13
DA:467,13
DA:468,13
DA:469,13
DA:470,13
DA:471,13
DA:472,13
DA:473,13
DA:475,13
DA:476,13
DA:477,4
DA:478,9
DA:479,13
DA:480,13
DA:481,13
DA:483,13
DA:484,13
DA:485,13
DA:486,13
DA:487,13
DA:488,13
DA:489,13
DA:490,13
DA:491,13
DA:492,13
DA:493,13
DA:494,13
DA:495,13
DA:497,13
DA:498,8
DA:499,8
DA:500,8
DA:502,8
DA:503,8
DA:504,8
DA:505,16
DA:506,16
DA:507,16
DA:508,16
DA:509,16
DA:510,16
DA:511,16
DA:512,16
DA:513,16
DA:514,16
DA:515,16
DA:516,16
DA:517,16
DA:518,16
DA:519,16
DA:520,16
DA:521,16
DA:522,16
DA:523,16
DA:524,16
DA:525,8
DA:526,8
DA:527,8
DA:530,13
DA:531,5
DA:532,5
DA:533,5
DA:534,5
DA:535,5
DA:536,5
DA:537,5
DA:539,13
DA:542,41
DA:543,2
DA:544,2
DA:545,2
DA:546,2
DA:547,2
DA:548,2
DA:549,2
DA:551,2
DA:553,2
DA:554,2
DA:555,2
DA:556,1
DA:557,1
DA:558,2
DA:559,2
DA:560,2
DA:561,2
DA:562,2
DA:563,2
DA:564,2
DA:565,2
DA:566,1
DA:567,1
DA:568,2
DA:569,2
DA:570,2
DA:571,2
DA:572,2
DA:573,2
DA:574,2
DA:575,2
DA:576,1
DA:577,1
DA:578,2
DA:579,2
DA:580,2
DA:581,2
DA:582,2
DA:583,2
DA:584,2
DA:585,2
DA:586,2
DA:588,2
DA:589,2
DA:590,2
DA:591,2
DA:592,3
DA:593,3
DA:594,2
DA:595,2
DA:596,2
DA:597,2
DA:598,2
DA:600,2
DA:601,2
DA:602,3
DA:604,3
DA:605,3
DA:606,3
DA:607,1
DA:608,2
DA:609,3
DA:610,3
DA:611,3
DA:612,3
DA:613,3
DA:614,3
DA:615,3
DA:616,2
DA:617,1
DA:618,1
DA:619,1
DA:620,1
DA:621,0
DA:622,1
DA:623,0
DA:624,0
DA:625,0
DA:626,3
DA:627,3
DA:628,3
DA:629,3
DA:630,3
DA:631,3
DA:632,3
DA:633,3
DA:634,3
DA:635,3
DA:636,3
DA:637,3
DA:638,3
DA:639,3
DA:640,3
DA:642,2
DA:643,2
DA:644,2
DA:646,0
DA:647,0
DA:648,0
DA:649,0
DA:650,0
DA:651,0
DA:652,0
DA:653,0
DA:654,0
DA:656,2
DA:659,41
DA:660,4
DA:661,4
DA:662,1
DA:663,2
DA:664,2
DA:665,1
DA:666,1
DA:667,1
DA:668,0
DA:669,2
DA:670,2
DA:671,2
DA:672,2
DA:673,2
DA:674,2
DA:675,1
DA:677,3
DA:678,3
DA:679,3
DA:680,3
DA:681,3
DA:682,3
DA:683,3
DA:685,4
DA:688,41
DA:689,2
DA:690,2
DA:691,1
DA:692,1
DA:693,1
DA:694,1
DA:695,1
DA:696,1
DA:697,1
DA:698,1
DA:699,1
DA:700,1
DA:701,1
DA:702,1
DA:703,1
DA:704,1
DA:705,1
DA:706,0
DA:707,0
DA:708,0
DA:709,1
DA:710,1
DA:711,1
DA:712,1
DA:713,1
DA:714,1
DA:715,1
DA:716,1
DA:717,1
DA:718,0
DA:719,0
DA:720,0
DA:721,0
DA:722,0
DA:723,0
DA:724,0
DA:726,1
DA:727,1
DA:728,1
DA:729,1
DA:730,1
DA:731,1
DA:734,2
DA:735,0
DA:736,0
DA:737,0
DA:738,0
DA:739,0
DA:740,0
DA:741,0
DA:742,0
DA:743,0
DA:744,0
DA:745,0
DA:746,0
DA:747,0
DA:748,0
DA:749,0
DA:750,0
DA:751,0
DA:752,0
DA:753,0
DA:754,0
DA:756,0
DA:757,0
DA:758,0
DA:759,0
DA:760,0
DA:761,0
DA:764,2
DA:765,0
DA:766,0
DA:767,0
DA:768,0
DA:769,0
DA:770,0
DA:771,0
DA:772,0
DA:773,0
DA:774,0
DA:775,0
DA:776,0
DA:777,0
DA:778,0
DA:779,0
DA:780,0
DA:781,0
DA:782,0
DA:784,0
DA:785,0
DA:786,0
DA:787,0
DA:788,0
DA:789,0
DA:792,2
DA:793,0
DA:794,0
DA:795,0
DA:796,0
DA:797,0
DA:798,0
DA:799,0
DA:800,0
DA:801,0
DA:802,0
DA:803,0
DA:804,0
DA:805,0
DA:806,0
DA:807,0
DA:808,0
DA:810,0
DA:811,0
DA:813,0
DA:814,0
DA:816,0
DA:817,0
DA:819,0
DA:821,0
DA:822,0
DA:823,0
DA:824,0
DA:825,0
DA:826,0
DA:829,2
DA:830,0
DA:831,0
DA:832,0
DA:833,0
DA:834,0
DA:835,0
DA:836,0
DA:837,0
DA:838,0
DA:839,0
DA:840,0
DA:841,0
DA:842,0
DA:843,0
DA:844,0
DA:845,0
DA:847,0
DA:848,0
DA:850,0
DA:852,0
DA:853,0
DA:854,0
DA:855,0
DA:856,0
DA:857,0
DA:860,2
DA:861,1
DA:862,1
DA:863,1
DA:864,1
DA:865,1
DA:866,1
DA:867,1
DA:869,2
DA:871,41
DA:872,41
DA:873,41
DA:875,41
DA:877,1
LF:691
LH:530
BRDA:25,0,0,41
BRDA:260,1,0,14
BRDA:263,2,0,6
BRDA:263,3,0,8
BRDA:264,4,0,6
BRDA:264,5,0,8
BRDA:267,6,0,39
BRDA:267,7,0,27
BRDA:269,8,0,5
BRDA:272,9,0,4
BRDA:272,10,0,1
BRDA:273,11,0,4
BRDA:273,12,0,1
BRDA:274,13,0,4
BRDA:274,14,0,1
BRDA:278,15,0,4
BRDA:278,16,0,1
BRDA:285,17,0,27
BRDA:285,18,0,22
BRDA:287,19,0,21
BRDA:287,20,0,10
BRDA:288,21,0,21
BRDA:288,22,0,10
BRDA:289,23,0,21
BRDA:289,24,0,8
BRDA:290,25,0,21
BRDA:290,26,0,10
BRDA:293,27,0,10
BRDA:293,28,0,12
BRDA:296,29,0,10
BRDA:296,30,0,12
BRDA:297,31,0,10
BRDA:297,32,0,12
BRDA:304,33,0,10
BRDA:304,34,0,12
BRDA:306,35,0,21
BRDA:307,36,0,9
BRDA:307,37,0,12
BRDA:313,38,0,22
BRDA:313,39,0,10
BRDA:313,40,0,12
BRDA:313,41,0,0
BRDA:315,42,0,22
BRDA:315,43,0,0
BRDA:316,44,0,22
BRDA:316,45,0,0
BRDA:319,46,0,0
BRDA:330,47,0,3
BRDA:331,48,0,2
BRDA:332,49,0,1
BRDA:333,50,0,19
BRDA:334,51,0,8
BRDA:335,52,0,11
BRDA:339,53,0,3
BRDA:339,54,0,19
BRDA:340,55,0,3
BRDA:340,56,0,19
BRDA:344,57,0,21
BRDA:347,58,0,9
BRDA:347,59,0,12
BRDA:350,60,0,9
BRDA:350,61,0,12
BRDA:351,62,0,9
BRDA:351,63,0,12
BRDA:353,64,0,9
BRDA:353,65,0,12
BRDA:354,66,0,10
BRDA:359,67,0,9
BRDA:359,68,0,12
BRDA:362,69,0,9
BRDA:362,70,0,12
BRDA:363,71,0,9
BRDA:363,72,0,12
BRDA:365,73,0,9
BRDA:365,74,0,12
BRDA:366,75,0,10
BRDA:371,76,0,9
BRDA:371,77,0,12
BRDA:374,78,0,9
BRDA:374,79,0,12
BRDA:375,80,0,9
BRDA:375,81,0,12
BRDA:377,82,0,9
BRDA:377,83,0,12
BRDA:378,84,0,10
BRDA:383,85,0,9
BRDA:383,86,0,12
BRDA:386,87,0,9
BRDA:386,88,0,12
BRDA:387,89,0,9
BRDA:387,90,0,12
BRDA:389,91,0,9
BRDA:389,92,0,12
BRDA:393,93,0,9
BRDA:393,94,0,12
BRDA:396,95,0,9
BRDA:396,96,0,12
BRDA:397,97,0,9
BRDA:397,98,0,12
BRDA:401,99,0,9
BRDA:401,100,0,12
[...]
DA:507,13
DA:508,13
DA:509,13
DA:510,13
DA:512,13
DA:513,13
DA:514,13
DA:515,13
DA:516,13
DA:517,13
DA:519,13
DA:520,13
DA:521,13
DA:522,13
DA:523,13
DA:524,13
DA:525,13
DA:526,13
DA:528,13
DA:529,13
DA:530,13
DA:531,13
DA:532,13
DA:533,13
DA:534,13
DA:535,13
DA:538,13
DA:539,13
DA:540,13
DA:541,13
DA:542,13
DA:543,13
DA:544,13
DA:545,13
DA:546,13
DA:548,13
DA:549,13
DA:551,13
DA:552,13
DA:554,13
DA:555,13
DA:557,13
DA:558,13
DA:560,13
DA:561,13
DA:563,13
DA:564,13
DA:566,13
DA:567,13
DA:568,13
DA:569,13
DA:570,13
DA:571,2
DA:572,2
DA:573,2
DA:575,2
DA:576,0
DA:577,0
DA:578,0
DA:579,0
DA:580,0
DA:581,0
DA:583,2
DA:584,2
DA:585,2
DA:587,2
DA:588,2
DA:589,2
DA:590,2
DA:591,2
DA:592,2
DA:593,2
DA:594,2
DA:595,2
DA:596,2
DA:597,2
DA:598,2
DA:599,2
DA:600,2
DA:601,2
DA:602,2
DA:603,2
DA:604,2
DA:605,2
DA:606,2
DA:607,2
DA:608,2
DA:609,2
DA:610,2
DA:611,2
DA:612,2
DA:613,2
DA:614,2
DA:615,2
DA:616,2
DA:617,0
DA:618,2
DA:619,2
DA:620,2
DA:621,2
DA:622,2
DA:623,2
DA:624,2
DA:625,2
DA:626,2
DA:627,2
DA:628,2
DA:629,2
DA:630,2
DA:631,2
DA:632,2
DA:633,2
DA:634,13
DA:635,13
DA:636,13
DA:637,13
DA:638,13
DA:640,13
DA:641,7
DA:642,7
DA:643,7
DA:645,7
DA:646,7
DA:648,13
DA:650,13
DA:652,1
LF:506
LH:475
BRDA:21,0,0,13
BRDA:30,1,0,11
BRDA:31,2,0,11
BRDA:142,3,0,11
BRDA:143,4,0,2
BRDA:152,5,0,3
BRDA:153,6,0,10
BRDA:174,7,0,4
BRDA:178,8,0,0
BRDA:181,9,0,9
BRDA:183,10,0,0
BRDA:184,11,0,9
BRDA:184,12,0,0
BRDA:191,13,0,9
BRDA:191,14,0,0
BRDA:194,15,0,6
BRDA:201,16,0,9
BRDA:201,17,0,0
BRDA:209,18,0,6
BRDA:210,19,0,3
BRDA:215,20,0,6
BRDA:215,21,0,3
BRDA:292,22,0,9
BRDA:292,23,0,0
BRDA:306,24,0,9
BRDA:306,25,0,0
BRDA:307,26,0,9
BRDA:307,27,0,0
BRDA:308,28,0,9
BRDA:308,29,0,0
BRDA:311,30,0,9
BRDA:311,31,0,0
BRDA:312,32,0,9
BRDA:312,33,0,0
BRDA:314,34,0,9
BRDA:314,35,0,0
BRDA:328,36,0,3
BRDA:347,37,0,0
BRDA:348,38,0,0
BRDA:353,39,0,6
BRDA:509,40,0,9
BRDA:509,41,0,0
BRDA:525,42,0,9
BRDA:525,43,0,0
BRDA:544,44,0,9
BRDA:544,45,0,0
BRDA:569,46,0,9
BRDA:569,47,0,0
BRDA:640,48,0,7
BRDA:641,49,0,0
BRDA:643,50,0,0
BRDA:49,51,0,4
BRDA:53,52,0,4
BRDA:60,53,0,4
BRDA:73,54,0,4
BRDA:78,55,0,2
BRDA:83,56,0,1
BRDA:87,57,0,3
BRDA:100,58,0,2
BRDA:102,59,0,0
BRDA:103,60,0,0
BRDA:104,61,0,0
BRDA:105,62,0,0
BRDA:116,63,0,2
BRDA:118,64,0,0
BRDA:120,65,0,0
BRDA:121,66,0,0
BRDA:144,67,0,1
BRDA:149,68,0,3
BRDA:150,69,0,3
BRDA:151,70,0,3
BRDA:153,71,0,3
BRDA:155,72,0,3
BRDA:156,73,0,3
BRDA:164,74,0,39
BRDA:166,75,0,2
BRDA:207,76,0,1
BRDA:341,77,0,3
BRDA:366,78,0,9
BRDA:480,79,0,0
BRDA:481,80,0,0
BRDA:482,81,0,0
BRDA:485,82,0,0
BRDA:486,83,0,0
BRDA:368,84,0,3
BRDA:369,85,0,0
BRDA:389,86,0,3
BRDA:403,87,0,3
BRDA:407,88,0,0
BRDA:413,89,0,0
BRDA:414,90,0,0
BRDA:420,91,0,0
BRDA:426,92,0,0
BRDA:427,93,0,0
BRDA:432,94,0,0
BRDA:433,95,0,0
BRDA:438,96,0,0
BRDA:439,97,0,0
BRDA:444,98,0,0
BRDA:448,99,0,0
BRDA:457,100,0,0
BRDA:466,101,0,0
BRDA:507,102,0,2
BRDA:523,103,0,2
BRDA:570,104,0,2
BRDA:571,105,0,0
BRDA:575,106,0,0
BRDA:593,107,0,0
BRDA:615,108,0,0
BRDA:616,109,0,0
BRDA:575,110,0,2
BRF:111
BRH:59
end_of_record
TN:
SF:src\test\testUtils.jsx
FN:1,(empty-report)
FNF:1
FNH:0
FNDA:0,(empty-report)
DA:1,0
DA:2,0
DA:3,0
DA:5,0
DA:6,0
DA:8,0
DA:9,0
DA:10,0
DA:12,0
DA:13,0
DA:14,0
DA:15,0
DA:17,0
DA:18,0
DA:19,0
DA:21,0
DA:22,0
DA:23,0
DA:24,0
DA:25,0
DA:26,0
DA:27,0
DA:28,0
DA:29,0
DA:31,0
DA:32,0
DA:33,0
DA:34,0
DA:35,0
DA:36,0
DA:37,0
DA:38,0
DA:39,0
DA:40,0
DA:41,0
DA:42,0
LF:36
LH:0
BRDA:1,0,0,0
BRF:1
BRH:0
end_of_record
TN:
SF:src\utils\api.js
FN:23,incrementProfileImageVersion
FN:37,getProfileImageUrl
FN:51,getAuthHeaders
FN:72,handleResponse
FN:101,login
FN:118,register
FN:131,refreshToken
FN:148,registerCompany
FN:166,getAll
FN:176,getById
FN:187,update
FN:199,delete
FN:218,getAll
FN:228,getById
FN:238,getByStatus
FN:252,getAllPaginated
FN:287,create
FN:299,requestTask
FN:311,approveTask
FN:323,update
FN:335,delete
FN:346,archive
FN:356,getArchived
FN:367,updateStatus
FN:377,getTaskRequests
FN:387,rejectTask
FN:398,canEdit
FN:408,canDelete
FN:425,getByTask
FN:435,create
FN:447,delete
FN:458,getCount
FN:472,getHistory
FN:486,logTime
FN:498,getByTask
FN:508,getTotalHours
FN:524,getAll
FN:534,getById
FN:544,getByUserId
FN:558,getAllPaginated
FN:593,create
FN:606,update
FN:618,getSkills
FN:645,getWorkload
FN:658,getAll
FN:668,getByName
FN:677,getDepartmentNames
FN:687,create
FN:699,delete
FN:712,getAll
FN:718,getMyTeams
FN:724,getById
FN:730,getAllPaginated
FN:751,create
FN:759,delete
FN:773,getByEmployee
FN:779,getByTask
FN:789,create
FN:809,accept
FN:820,getByUser
FN:826,getUnread
FN:832,markAsRead
FN:839,markAllAsRead
FN:846,create
FN:858,sendMessage
FN:866,getTeamMessages
FN:872,getDirectMessages
FN:878,getUnreadCount
FN:884,markAsRead
FN:891,getUnreadCountPerContact
FN:897,getAvailableContacts
FN:903,getConversations
FN:909,getUserTeamChats
FN:915,markAllAsRead
FN:926,getAll
FN:932,getById
FN:938,getByName
FN:944,getByCategory
FN:950,create
FN:958,update
FN:966,delete
FN:986,getAssignmentSuggestions
FN:998,predictDuration
FN:1010,getEmployeeSkillsBatch
FN:1025,getTaskSkillsBatch
FN:1040,detectAnomalies
FN:1061,getProductivityAnalytics
FN:1077,bulkOptimize
FN:1085,bulkOptimizeBalanced
FN:1100,triggerRetraining
FN:1107,getModelInfo
FN:1114,extractSkillsFromText
FN:1122,analyzeTaskComplexity
FN:1130,suggestTeamSkills
FN:1138,getSkillCategories
FN:1144,batchExtractSkills
FN:1163,query
FN:1171,health
FN:1177,pullModel
FNF:99
FNH:92
FNDA:2,incrementProfileImageVersion
FNDA:3,getProfileImageUrl
FNDA:142,getAuthHeaders
FNDA:91,handleResponse
FNDA:2,login
FNDA:1,register
FNDA:1,refreshToken
FNDA:2,registerCompany
FNDA:3,getAll
FNDA:4,getById
FNDA:1,update
FNDA:0,delete
FNDA:5,getAll
FNDA:2,getById
FNDA:1,getByStatus
FNDA:10,getAllPaginated
FNDA:2,create
FNDA:1,requestTask
FNDA:1,approveTask
FNDA:1,update
FNDA:1,delete
FNDA:1,archive
FNDA:1,getArchived
FNDA:1,updateStatus
FNDA:1,getTaskRequests
FNDA:1,rejectTask
FNDA:1,canEdit
FNDA:1,canDelete
FNDA:1,getByTask
FNDA:1,create
FNDA:1,delete
FNDA:1,getCount
FNDA:1,getHistory
FNDA:1,logTime
FNDA:1,getByTask
FNDA:1,getTotalHours
FNDA:7,getAll
FNDA:3,getById
FNDA:6,getByUserId
FNDA:6,getAllPaginated
FNDA:2,create
FNDA:1,update
FNDA:2,getSkills
FNDA:0,getWorkload
FNDA:4,getAll
FNDA:1,getByName
FNDA:3,getDepartmentNames
FNDA:2,create
FNDA:0,delete
FNDA:1,getAll
FNDA:1,getMyTeams
FNDA:1,getById
FNDA:1,getAllPaginated
FNDA:2,create
FNDA:0,delete
FNDA:1,getByEmployee
FNDA:1,getByTask
FNDA:1,create
FNDA:1,accept
FNDA:3,getByUser
FNDA:1,getUnread
FNDA:1,markAsRead
FNDA:1,markAllAsRead
FNDA:1,create
FNDA:1,sendMessage
FNDA:1,getTeamMessages
FNDA:1,getDirectMessages
FNDA:1,getUnreadCount
FNDA:1,markAsRead
FNDA:1,getUnreadCountPerContact
FNDA:1,getAvailableContacts
FNDA:1,getConversations
FNDA:1,getUserTeamChats
FNDA:1,markAllAsRead
FNDA:3,getAll
FNDA:1,getById
FNDA:1,getByName
FNDA:1,getByCategory
FNDA:1,create
FNDA:1,update
FNDA:0,delete
FNDA:2,getAssignmentSuggestions
FNDA:1,predictDuration
FNDA:1,getEmployeeSkillsBatch
FNDA:1,getTaskSkillsBatch
FNDA:0,detectAnomalies
FNDA:4,getProductivityAnalytics
FNDA:1,bulkOptimize
FNDA:0,bulkOptimizeBalanced
FNDA:1,triggerRetraining
FNDA:1,getModelInfo
FNDA:1,extractSkillsFromText
FNDA:1,analyzeTaskComplexity
FNDA:1,suggestTeamSkills
FNDA:1,getSkillCategories
FNDA:1,batchExtractSkills
FNDA:1,query
FNDA:3,health
FNDA:1,pullModel
DA:1,1
DA:2,1
DA:3,1
DA:4,1
DA:5,1
DA:6,1
DA:7,1
DA:8,1
DA:9,1
DA:10,1
DA:11,1
DA:12,1
DA:13,1
DA:14,1
DA:15,1
DA:16,1
DA:17,1
DA:18,1
DA:19,1
DA:20,1
DA:21,1
DA:22,1
DA:23,1
DA:24,2
DA:25,2
DA:26,2
DA:27,1
DA:28,1
DA:29,1
DA:30,1
DA:31,1
DA:32,1
DA:33,1
DA:34,1
DA:35,1
DA:36,1
DA:37,1
DA:38,3
DA:39,3
DA:40,3
DA:41,1
DA:42,1
DA:43,1
DA:44,1
DA:45,1
DA:46,1
DA:47,1
DA:48,1
DA:49,1
DA:50,1
DA:51,1
DA:52,142
DA:53,142
DA:54,142
DA:55,142
DA:56,142
DA:57,142
DA:58,142
DA:59,142
DA:60,142
DA:61,1
DA:62,1
DA:63,1
DA:64,1
DA:65,1
DA:66,1
DA:67,1
DA:68,1
DA:69,1
DA:70,1
DA:71,1
DA:72,1
DA:73,91
DA:74,1
DA:75,1
DA:76,1
DA:77,90
DA:78,90
DA:79,91
DA:80,90
DA:81,90
DA:82,0
DA:83,0
DA:84,1
DA:85,1
DA:86,1
DA:87,1
DA:88,1
DA:89,1
DA:90,1
DA:91,1
DA:92,1
DA:93,1
DA:94,1
DA:95,1
DA:96,1
DA:97,1
DA:98,1
DA:99,1
DA:100,1
DA:101,1
DA:102,2
DA:103,2
DA:104,2
DA:105,2
DA:106,1
DA:107,1
DA:108,1
DA:109,1
DA:110,1
DA:111,1
DA:112,1
DA:113,1
DA:114,1
DA:115,1
DA:116,1
DA:117,1
DA:118,1
DA:119,1
DA:120,1
DA:121,1
DA:122,1
DA:123,1
DA:124,1
DA:125,1
DA:126,1
DA:127,1
DA:128,1
DA:129,1
DA:130,1
DA:131,1
DA:132,1
DA:133,1
DA:134,1
DA:135,1
DA:136,1
DA:137,1
DA:138,1
DA:139,1
DA:140,1
DA:141,1
DA:142,1
DA:143,1
DA:144,1
DA:145,1
DA:146,1
DA:147,1
DA:148,1
DA:149,2
DA:150,2
DA:151,2
DA:152,2
DA:153,1
DA:154,1
DA:155,1
DA:156,1
DA:157,1
DA:158,1
DA:159,1
DA:160,1
DA:161,1
DA:162,1
DA:163,1
DA:164,1
DA:165,1
DA:166,1
DA:167,3
DA:168,3
DA:169,1
DA:170,1
DA:171,1
DA:172,1
DA:173,1
DA:174,1
DA:175,1
DA:176,1
DA:177,4
DA:178,4
DA:179,1
DA:180,1
DA:181,1
DA:182,1
DA:183,1
DA:184,1
DA:185,1
DA:186,1
DA:187,1
DA:188,1
DA:189,1
DA:190,1
DA:191,1
DA:192,1
DA:193,1
DA:194,1
DA:195,1
DA:196,1
DA:197,1
DA:198,1
DA:199,1
DA:200,0
DA:201,0
DA:202,0
DA:203,0
DA:204,0
DA:205,1
DA:206,1
DA:207,1
DA:208,1
DA:209,1
DA:210,1
DA:211,1
DA:212,1
DA:213,1
DA:214,1
DA:215,1
DA:216,1
DA:217,1
DA:218,1
DA:219,5
DA:220,5
DA:221,1
DA:222,1
DA:223,1
DA:224,1
DA:225,1
DA:226,1
DA:227,1
DA:228,1
DA:229,2
DA:230,2
DA:231,1
DA:232,1
DA:233,1
DA:234,1
DA:235,1
DA:236,1
DA:237,1
DA:238,1
DA:239,1
DA:240,1
DA:241,1
DA:242,1
DA:243,1
DA:244,1
DA:245,1
DA:246,1
DA:247,1
DA:248,1
DA:249,1
DA:250,1
DA:251,1
DA:252,1
DA:253,10
DA:254,10
DA:255,10
DA:256,10
DA:257,10
DA:258,10
DA:259,10
DA:260,10
DA:261,10
DA:262,10
DA:263,10
DA:264,10
DA:265,10
DA:266,10
DA:267,10
DA:268,1
DA:269,1
DA:270,10
DA:271,1
DA:272,1
DA:273,10
DA:274,5
DA:275,5
DA:276,10
DA:277,10
DA:278,10
DA:279,10
DA:280,1
DA:281,1
DA:282,1
DA:283,1
DA:284,1
DA:285,1
DA:286,1
DA:287,1
DA:288,2
DA:289,2
DA:290,2
DA:291,2
DA:292,1
DA:293,1
DA:294,1
DA:295,1
DA:296,1
DA:297,1
DA:298,1
DA:299,1
DA:300,1
DA:301,1
DA:302,1
DA:303,1
DA:304,1
DA:305,1
DA:306,1
DA:307,1
DA:308,1
DA:309,1
DA:310,1
DA:311,1
DA:312,1
DA:313,1
DA:314,1
DA:315,1
DA:316,1
DA:317,1
DA:318,1
DA:319,1
DA:320,1
DA:321,1
DA:322,1
DA:323,1
DA:324,1
DA:325,1
DA:326,1
DA:327,1
DA:328,1
DA:329,1
DA:330,1
DA:331,1
DA:332,1
DA:333,1
DA:334,1
DA:335,1
DA:336,1
DA:337,1
DA:338,1
DA:339,1
DA:340,1
DA:341,1
DA:342,1
DA:343,1
DA:344,1
DA:345,1
DA:346,1
DA:347,1
DA:348,1
DA:349,1
DA:350,1
DA:351,1
DA:352,1
DA:353,1
DA:354,1
DA:355,1
DA:356,1
DA:357,1
DA:358,1
DA:359,1
DA:360,1
DA:361,1
DA:362,1
DA:363,1
DA:364,1
DA:365,1
DA:366,1
DA:367,1
DA:368,1
DA:369,1
DA:370,1
DA:371,1
DA:372,1
DA:373,1
DA:374,1
DA:375,1
DA:376,1
DA:377,1
DA:378,1
DA:379,1
DA:380,1
DA:381,1
DA:382,1
DA:383,1
DA:384,1
DA:385,1
DA:386,1
DA:387,1
DA:388,1
DA:389,1
DA:390,1
DA:391,1
DA:392,1
DA:393,1
DA:394,1
DA:395,1
DA:396,1
DA:397,1
DA:398,1
DA:399,1
DA:400,1
DA:401,1
DA:402,1
DA:403,1
DA:404,1
DA:405,1
DA:406,1
DA:407,1
DA:408,1
DA:409,1
DA:410,1
DA:411,1
DA:412,1
DA:413,1
DA:414,1
DA:415,1
DA:416,1
DA:417,1
DA:418,1
DA:419,1
DA:420,1
DA:421,1
DA:422,1
DA:423,1
DA:424,1
DA:425,1
DA:426,1
DA:427,1
DA:428,1
DA:429,1
DA:430,1
DA:431,1
DA:432,1
DA:433,1
DA:434,1
DA:435,1
DA:436,1
DA:437,1
DA:438,1
DA:439,1
DA:440,1
DA:441,1
DA:442,1
DA:443,1
DA:444,1
DA:445,1
DA:446,1
DA:447,1
DA:448,1
DA:449,1
DA:450,1
DA:451,1
DA:452,1
DA:453,1
DA:454,1
DA:455,1
DA:456,1
DA:457,1
DA:458,1
DA:459,1
DA:460,1
DA:461,1
DA:462,1
DA:463,1
DA:464,1
DA:465,1
DA:466,1
DA:467,1
DA:468,1
DA:469,1
DA:470,1
DA:471,1
DA:472,1
DA:473,1
DA:474,1
DA:475,1
DA:476,1
DA:477,1
DA:478,1
DA:479,1
DA:480,1
DA:481,1
DA:482,1
DA:483,1
DA:484,1
DA:485,1
DA:486,1
DA:487,1
DA:488,1
DA:489,1
DA:490,1
DA:491,1
DA:492,1
DA:493,1
DA:494,1
DA:495,1
DA:496,1
DA:497,1
DA:498,1
DA:499,1
DA:500,1
DA:501,1
DA:502,1
DA:503,1
DA:504,1
DA:505,1
DA:506,1
DA:507,1
DA:508,1
DA:509,1
DA:510,1
DA:511,1
DA:512,1
DA:513,1
DA:514,1
DA:515,1
DA:516,1
DA:517,1
DA:518,1
DA:519,1
DA:520,1
DA:521,1
DA:522,1
DA:523,1
DA:524,1
DA:525,7
DA:526,7
DA:527,1
DA:528,1
DA:529,1
DA:530,1
DA:531,1
DA:532,1
DA:533,1
DA:534,1
DA:535,3
DA:536,3
DA:537,1
DA:538,1
DA:539,1
DA:540,1
DA:541,1
DA:542,1
DA:543,1
DA:544,1
DA:545,6
DA:546,6
DA:547,1
DA:548,1
DA:549,1
DA:550,1
DA:551,1
DA:552,1
DA:553,1
DA:554,1
DA:555,1
DA:556,1
DA:557,1
DA:558,1
DA:559,6
DA:560,6
DA:561,6
DA:562,6
DA:563,6
DA:564,6
DA:565,6
DA:566,6
DA:567,6
DA:568,6
DA:569,6
DA:570,6
DA:571,6
DA:572,6
DA:573,6
DA:574,1
DA:575,1
DA:576,6
DA:577,1
DA:578,1
DA:579,6
DA:580,4
DA:581,4
DA:582,6
DA:583,6
DA:584,6
DA:585,6
DA:586,1
DA:587,1
DA:588,1
DA:589,1
DA:590,1
DA:591,1
DA:592,1
DA:593,1
DA:594,2
DA:595,2
DA:596,2
DA:597,2
DA:598,1
DA:599,1
DA:600,1
DA:601,1
DA:602,1
DA:603,1
DA:604,1
DA:605,1
DA:606,1
DA:607,1
DA:608,1
DA:609,1
DA:610,1
DA:611,1
DA:612,1
DA:613,1
DA:614,1
DA:615,1
DA:616,1
DA:617,1
DA:618,1
DA:619,2
DA:620,2
DA:621,2
DA:622,2
DA:623,2
DA:624,2
DA:625,2
DA:626,2
DA:627,2
DA:628,2
DA:629,2
DA:630,1
DA:631,1
DA:632,1
DA:633,2
DA:634,1
DA:635,1
DA:636,0
DA:637,0
DA:638,0
DA:639,1
DA:640,1
DA:641,1
DA:642,1
DA:643,1
DA:644,1
DA:645,1
DA:646,0
DA:647,0
DA:648,1
DA:649,1
DA:650,1
DA:651,1
DA:652,1
DA:653,1
DA:654,1
DA:655,1
DA:656,1
DA:657,1
DA:658,1
DA:659,4
DA:660,4
DA:661,1
DA:662,1
DA:663,1
DA:664,1
DA:665,1
DA:666,1
DA:667,1
DA:668,1
DA:669,1
DA:670,1
DA:671,1
DA:672,1
DA:673,1
DA:674,1
DA:675,1
DA:676,1
DA:677,1
DA:678,3
DA:679,3
DA:680,1
DA:681,1
DA:682,1
DA:683,1
DA:684,1
DA:685,1
DA:686,1
DA:687,1
DA:688,2
DA:689,2
DA:690,2
DA:691,2
DA:692,1
DA:693,1
DA:694,1
DA:695,1
DA:696,1
DA:697,1
DA:698,1
DA:699,1
DA:700,0
DA:701,0
DA:702,0
DA:703,0
DA:704,0
DA:705,1
DA:706,1
DA:707,1
DA:708,1
DA:709,1
DA:710,1
DA:711,1
DA:712,1
DA:713,1
DA:714,1
DA:715,1
DA:716,1
DA:717,1
DA:718,1
DA:719,1
DA:720,1
DA:721,1
DA:722,1
DA:723,1
DA:724,1
DA:725,1
DA:726,1
DA:727,1
DA:728,1
DA:729,1
DA:730,1
DA:731,1
DA:732,1
DA:733,1
DA:734,1
DA:735,1
DA:736,1
DA:737,1
DA:738,1
DA:739,1
DA:740,1
DA:741,1
DA:742,1
DA:743,1
DA:744,1
DA:745,1
DA:746,1
DA:747,1
DA:748,1
DA:749,1
DA:750,1
DA:751,1
DA:752,2
DA:753,2
DA:754,2
DA:755,2
DA:756,1
DA:757,1
DA:758,1
DA:759,1
DA:760,0
DA:761,0
DA:762,0
DA:763,0
DA:764,0
DA:765,0
DA:766,1
DA:767,1
DA:768,1
DA:769,1
DA:770,1
DA:771,1
DA:772,1
DA:773,1
DA:774,1
DA:775,1
DA:776,1
DA:777,1
DA:778,1
DA:779,1
DA:780,1
DA:781,1
DA:782,1
DA:783,1
DA:784,1
DA:785,1
DA:786,1
DA:787,1
DA:788,1
DA:789,1
DA:790,1
DA:791,1
DA:792,1
DA:793,1
DA:794,1
DA:795,1
DA:796,1
DA:797,1
DA:798,1
DA:799,1
DA:800,1
DA:801,1
DA:802,1
DA:803,1
DA:804,1
DA:805,1
DA:806,1
DA:807,1
DA:808,1
DA:809,1
DA:810,1
DA:811,1
DA:812,1
DA:813,1
DA:814,1
DA:815,1
DA:816,1
DA:817,1
DA:818,1
DA:819,1
DA:820,1
DA:821,3
DA:822,3
DA:823,1
DA:824,1
DA:825,1
DA:826,1
DA:827,1
DA:828,1
DA:829,1
DA:830,1
DA:831,1
DA:832,1
DA:833,1
DA:834,1
DA:835,1
DA:836,1
DA:837,1
DA:838,1
DA:839,1
DA:840,1
DA:841,1
DA:842,1
DA:843,1
DA:844,1
DA:845,1
DA:846,1
DA:847,1
DA:848,1
DA:849,1
DA:850,1
DA:851,1
DA:852,1
DA:853,1
DA:854,1
DA:855,1
DA:856,1
DA:857,1
DA:858,1
DA:859,1
DA:860,1
DA:861,1
DA:862,1
DA:863,1
DA:864,1
DA:865,1
DA:866,1
DA:867,1
DA:868,1
DA:869,1
DA:870,1
DA:871,1
DA:872,1
DA:873,1
DA:874,1
DA:875,1
DA:876,1
DA:877,1
DA:878,1
DA:879,1
DA:880,1
DA:881,1
DA:882,1
DA:883,1
DA:884,1
DA:885,1
DA:886,1
DA:887,1
DA:888,1
DA:889,1
DA:890,1
DA:891,1
DA:892,1
DA:893,1
DA:894,1
DA:895,1
DA:896,1
DA:897,1
DA:898,1
DA:899,1
DA:900,1
DA:901,1
DA:902,1
DA:903,1
DA:904,1
DA:905,1
DA:906,1
DA:907,1
DA:908,1
DA:909,1
DA:910,1
DA:911,1
DA:912,1
DA:913,1
DA:914,1
DA:915,1
DA:916,1
DA:917,1
DA:918,1
DA:919,1
DA:920,1
DA:921,1
DA:922,1
DA:923,1
DA:924,1
DA:925,1
DA:926,1
DA:927,3
DA:928,3
DA:929,1
DA:930,1
DA:931,1
DA:932,1
DA:933,1
DA:934,1
DA:935,1
DA:936,1
DA:937,1
DA:938,1
DA:939,1
DA:940,1
DA:941,1
DA:942,1
DA:943,1
DA:944,1
DA:945,1
DA:946,1
DA:947,1
DA:948,1
DA:949,1
DA:950,1
DA:951,1
DA:952,1
DA:953,1
DA:954,1
DA:955,1
DA:956,1
DA:957,1
DA:958,1
DA:959,1
DA:960,1
DA:961,1
DA:962,1
DA:963,1
DA:964,1
DA:965,1
DA:966,1
DA:967,0
DA:968,0
DA:969,0
DA:970,0
DA:971,0
DA:972,1
DA:973,1
DA:974,1
DA:975,1
DA:976,1
DA:977,1
DA:978,1
DA:979,1
DA:980,1
DA:981,1
DA:982,1
DA:983,1
DA:984,1
DA:985,1
DA:986,1
DA:987,2
DA:988,2
DA:989,2
DA:990,2
DA:991,1
DA:992,1
DA:993,1
DA:994,1
DA:995,1
DA:996,1
DA:997,1
DA:998,1
DA:999,1
DA:1000,1
DA:1001,1
DA:1002,1
DA:1003,1
DA:1004,1
DA:1005,1
DA:1006,1
DA:1007,1
DA:1008,1
DA:1009,1
DA:1010,1
DA:1011,1
DA:1012,1
DA:1013,1
DA:1014,1
DA:1015,1
DA:1016,1
DA:1017,1
DA:1018,1
DA:1019,1
DA:1020,1
DA:1021,1
DA:1022,1
DA:1023,1
DA:1024,1
DA:1025,1
DA:1026,1
DA:1027,1
DA:1028,1
DA:1029,1
DA:1030,1
DA:1031,1
DA:1032,1
DA:1033,1
DA:1034,1
DA:1035,1
DA:1036,1
DA:1037,1
DA:1038,1
DA:1039,1
DA:1040,1
DA:1041,0
DA:1042,0
DA:1043,0
DA:1044,0
DA:1045,0
DA:1046,0
DA:1047,0
DA:1048,0
DA:1049,0
DA:1050,0
DA:1051,0
DA:1052,0
DA:1053,1
DA:1054,1
DA:1055,1
DA:1056,1
DA:1057,1
DA:1058,1
DA:1059,1
DA:1060,1
DA:1061,1
DA:1062,4
DA:1063,4
DA:1064,4
DA:1065,4
DA:1066,4
DA:1067,4
DA:1068,4
DA:1069,4
DA:1070,1
DA:1071,1
DA:1072,1
DA:1073,1
DA:1074,1
DA:1075,1
DA:1076,1
DA:1077,1
DA:1078,1
DA:1079,1
DA:1080,1
DA:1081,1
DA:1082,1
DA:1083,1
DA:1084,1
DA:1085,1
DA:1086,0
DA:1087,0
DA:1088,0
DA:1089,0
DA:1090,0
DA:1091,0
DA:1092,0
DA:1093,0
DA:1094,0
DA:1095,0
DA:1096,0
DA:1097,1
DA:1098,1
DA:1099,1
DA:1100,1
DA:1101,1
DA:1102,1
DA:1103,1
DA:1104,1
DA:1105,1
DA:1106,1
DA:1107,1
DA:1108,1
DA:1109,1
DA:1110,1
DA:1111,1
DA:1112,1
DA:1113,1
DA:1114,1
DA:1115,1
DA:1116,1
DA:1117,1
DA:1118,1
DA:1119,1
DA:1120,1
DA:1121,1
DA:1122,1
DA:1123,1
DA:1124,1
DA:1125,1
DA:1126,1
DA:1127,1
DA:1128,1
DA:1129,1
DA:1130,1
DA:1131,1
DA:1132,1
DA:1133,1
DA:1134,1
DA:1135,1
DA:1136,1
DA:1137,1
DA:1138,1
DA:1139,1
DA:1140,1
DA:1141,1
DA:1142,1
DA:1143,1
DA:1144,1
DA:1145,1
DA:1146,1
DA:1147,1
DA:1148,1
DA:1149,1
DA:1150,1
DA:1151,1
DA:1152,1
DA:1153,1
DA:1154,1
DA:1155,1
DA:1156,1
DA:1157,1
DA:1158,1
DA:1159,1
DA:1160,1
DA:1161,1
DA:1162,1
DA:1163,1
DA:1164,1
DA:1165,1
DA:1166,1
DA:1167,1
DA:1168,1
DA:1169,1
DA:1170,1
DA:1171,1
DA:1172,3
DA:1173,3
DA:1174,1
DA:1175,1
DA:1176,1
DA:1177,1
DA:1178,1
DA:1179,1
DA:1180,1
DA:1181,1
DA:1182,1
LF:1182
LH:1131
BRDA:23,0,0,2
BRDA:37,1,0,3
BRDA:38,2,0,0
BRDA:51,3,0,142
BRDA:57,4,0,140
BRDA:58,5,0,140
BRDA:72,6,0,91
BRDA:73,7,0,1
BRDA:75,8,0,0
BRDA:76,9,0,90
BRDA:79,10,0,90
BRDA:81,11,0,0
BRDA:101,12,0,2
BRDA:118,13,0,1
BRDA:131,14,0,1
BRDA:148,15,0,2
BRDA:166,16,0,3
BRDA:176,17,0,4
BRDA:187,18,0,1
BRDA:218,19,0,5
BRDA:228,20,0,2
BRDA:238,21,0,1
BRDA:252,22,0,10
BRDA:267,23,0,1
BRDA:267,24,0,1
BRDA:270,25,0,1
BRDA:270,26,0,1
BRDA:273,27,0,5
BRDA:273,28,0,5
BRDA:287,29,0,2
BRDA:299,30,0,1
BRDA:311,31,0,1
BRDA:323,32,0,1
BRDA:335,33,0,1
BRDA:346,34,0,1
BRDA:356,35,0,1
BRDA:367,36,0,1
BRDA:377,37,0,1
BRDA:387,38,0,1
BRDA:398,39,0,1
BRDA:408,40,0,1
BRDA:425,41,0,1
BRDA:435,42,0,1
BRDA:447,43,0,1
BRDA:458,44,0,1
BRDA:472,45,0,1
BRDA:486,46,0,1
BRDA:498,47,0,1
BRDA:508,48,0,1
BRDA:524,49,0,7
BRDA:534,50,0,3
BRDA:544,51,0,6
BRDA:558,52,0,6
BRDA:573,53,0,1
BRDA:573,54,0,1
BRDA:576,55,0,1
BRDA:576,56,0,1
BRDA:579,57,0,4
BRDA:579,58,0,4
BRDA:593,59,0,2
BRDA:606,60,0,1
BRDA:618,61,0,2
BRDA:629,62,0,1
BRDA:633,63,0,1
BRDA:633,64,0,1
BRDA:635,65,0,0
BRDA:658,66,0,4
BRDA:668,67,0,1
BRDA:677,68,0,3
BRDA:687,69,0,2
BRDA:712,70,0,1
BRDA:718,71,0,1
BRDA:724,72,0,1
BRDA:730,73,0,1
BRDA:751,74,0,2
BRDA:773,75,0,1
BRDA:779,76,0,1
BRDA:789,77,0,1
BRDA:809,78,0,1
BRDA:820,79,0,3
BRDA:826,80,0,1
BRDA:832,81,0,1
BRDA:839,82,0,1
BRDA:846,83,0,1
BRDA:858,84,0,1
BRDA:866,85,0,1
BRDA:872,86,0,1
BRDA:878,87,0,1
BRDA:884,88,0,1
BRDA:891,89,0,1
BRDA:897,90,0,1
BRDA:903,91,0,1
BRDA:909,92,0,1
BRDA:915,93,0,1
BRDA:926,94,0,3
BRDA:932,95,0,1
BRDA:938,96,0,1
BRDA:944,97,0,1
BRDA:950,98,0,1
BRDA:958,99,0,1
BRDA:986,100,0,2
BRDA:998,101,0,1
BRDA:1010,102,0,1
BRDA:1012,103,0,2
BRDA:1025,104,0,1
BRDA:1027,105,0,2
BRDA:1061,106,0,4
BRDA:1077,107,0,1
BRDA:1100,108,0,1
BRDA:1107,109,0,1
BRDA:1114,110,0,1
BRDA:1122,111,0,1
BRDA:1130,112,0,1
BRDA:1138,113,0,1
BRDA:1144,114,0,1
BRDA:1163,115,0,1
BRDA:1171,116,0,3
BRDA:1177,117,0,1
BRF:118
BRH:114
end_of_record
